[01:49:56] [main/INFO]: Logging in with username & password
[01:49:59] [Client thread/INFO]: Setting user: Himself12794
[01:50:01] [Client thread/INFO]: LWJGL Version: 2.9.1
[01:50:04] [Client thread/INFO]: Reloading ResourceManager: Default, FMLFileResourcePack:Forge Mod Loader, FMLFileResourcePack:Minecraft Forge, FMLFileResourcePack:Heroes Mod, FMLFileResourcePack:Powers API
[01:50:05] [Sound Library Loader/INFO]: Starting up SoundSystem...
[01:50:05] [Thread-9/INFO]: Initializing LWJGL OpenAL
[01:50:05] [Thread-9/INFO]: (The LWJGL binding of OpenAL.  For more information, see http://www.lwjgl.org)
[01:50:05] [Thread-9/INFO]: OpenAL initialized.
[01:50:05] [Twitch authenticator/ERROR]: Given twitch access token is invalid
[01:50:05] [Sound Library Loader/INFO]: Sound engine started
[01:50:08] [Client thread/INFO]: Created: 16x16 textures-atlas
[01:50:09] [Client thread/INFO]: Reloading ResourceManager: Default, FMLFileResourcePack:Forge Mod Loader, FMLFileResourcePack:Minecraft Forge, FMLFileResourcePack:Heroes Mod, FMLFileResourcePack:Powers API
[01:50:09] [Client thread/INFO]: SoundSystem shutting down...
[01:50:09] [Client thread/WARN]: Author: Paul Lamb, www.paulscode.com
[01:50:09] [Sound Library Loader/INFO]: Starting up SoundSystem...
[01:50:09] [Thread-11/INFO]: Initializing LWJGL OpenAL
[01:50:09] [Thread-11/INFO]: (The LWJGL binding of OpenAL.  For more information, see http://www.lwjgl.org)
[01:50:09] [Thread-11/INFO]: OpenAL initialized.
[01:50:09] [Sound Library Loader/INFO]: Sound engine started
[01:50:11] [Client thread/INFO]: Created: 512x512 textures-atlas
[01:58:03] [Server thread/INFO]: Starting integrated minecraft server version 1.8
[01:58:03] [Server thread/INFO]: Generating keypair
[01:58:03] [Server thread/INFO]: Preparing start region for level 0
[01:58:04] [Server thread/INFO]: Changing view distance to 12, from 10
[01:58:05] [Server thread/INFO]: Himself12794[local:E:8964a0dc] logged in with entity id 249 at (562.9213972090093, 70.5128534684047, 6345.257366734164)
[01:58:05] [Server thread/INFO]: Himself12794 joined the game
[01:58:45] [Server thread/INFO]: Saving and pausing game...
[01:58:45] [Server thread/INFO]: Saving chunks for level 'We like to test'/Overworld
[01:58:46] [Server thread/INFO]: Saving chunks for level 'We like to test'/Nether
[01:58:46] [Server thread/INFO]: Saving chunks for level 'We like to test'/The End
[01:58:46] [Server thread/INFO]: Saving chunks for level 'We like to test'/The End
[02:00:01] [Server thread/INFO]: Saving and pausing game...
[02:00:01] [Server thread/INFO]: Saving chunks for level 'We like to test'/Overworld
[02:00:01] [Server thread/INFO]: Saving chunks for level 'We like to test'/Nether
[02:00:01] [Server thread/INFO]: Saving chunks for level 'We like to test'/The End
[02:00:01] [Server thread/INFO]: Saving chunks for level 'We like to test'/The End
[02:01:00] [Server thread/INFO]: Saving and pausing game...
[02:01:00] [Server thread/INFO]: Saving chunks for level 'We like to test'/Overworld
[02:01:00] [Server thread/INFO]: Saving chunks for level 'We like to test'/Nether
[02:01:00] [Server thread/INFO]: Saving chunks for level 'We like to test'/The End
[02:01:00] [Server thread/INFO]: Saving chunks for level 'We like to test'/The End
[02:02:02] [Server thread/INFO]: Saving and pausing game...
[02:02:02] [Server thread/INFO]: Saving chunks for level 'We like to test'/Overworld
[02:02:02] [Server thread/INFO]: Saving chunks for level 'We like to test'/Nether
[02:02:02] [Server thread/INFO]: Saving chunks for level 'We like to test'/The End
[02:02:02] [Server thread/INFO]: Saving chunks for level 'We like to test'/The End
