[16:11:16] [main/INFO] [GradleStart]: username: pwhiting.bba@gmail.com
[16:11:16] [main/INFO] [GradleStart]: Extra: []
[16:11:16] [main/INFO] [GradleStart]: Password found, attempting login
[16:11:17] [main/INFO] [GradleStart]: Login Succesful!
[16:11:17] [main/INFO] [GradleStart]: Running with arguments: [--userProperties, [{"name":"twitch_access_token","value":"sh2xz8z8t4hpt9zlb852r0wpw2t6e9c"}], --assetsDir, C:/Users/Philip/.gradle/caches/minecraft/assets, --assetIndex, 1.8, --userType, mojang, --accessToken{REDACTED}, --version, 1.8, --uuid, bf9320f0420c44069e4b3f45b22b05fa, --username, Himself12794, --tweakClass, net.minecraftforge.fml.common.launcher.FMLTweaker]
[16:11:17] [main/INFO] [LaunchWrapper]: Loading tweak class name net.minecraftforge.fml.common.launcher.FMLTweaker
[16:11:17] [main/INFO] [LaunchWrapper]: Using primary tweak class name net.minecraftforge.fml.common.launcher.FMLTweaker
[16:11:17] [main/INFO] [LaunchWrapper]: Calling tweak class net.minecraftforge.fml.common.launcher.FMLTweaker
[16:38:13] [main/INFO] [GradleStart]: Extra: []
[16:38:13] [main/INFO] [GradleStart]: Running with arguments: [--userProperties, {}, --assetsDir, C:/Users/Philip/.gradle/caches/minecraft/assets, --assetIndex, 1.8, --accessToken{REDACTED}, --version, 1.8, --tweakClass, net.minecraftforge.fml.common.launcher.FMLTweaker]
[16:38:13] [main/INFO] [LaunchWrapper]: Loading tweak class name net.minecraftforge.fml.common.launcher.FMLTweaker
[16:38:13] [main/INFO] [LaunchWrapper]: Using primary tweak class name net.minecraftforge.fml.common.launcher.FMLTweaker
[16:38:13] [main/INFO] [LaunchWrapper]: Calling tweak class net.minecraftforge.fml.common.launcher.FMLTweaker
[16:39:01] [main/INFO] [GradleStart]: Extra: []
[16:39:01] [main/INFO] [GradleStart]: Running with arguments: [--userProperties, {}, --assetsDir, C:/Users/Philip/.gradle/caches/minecraft/assets, --assetIndex, 1.8, --accessToken{REDACTED}, --version, 1.8, --tweakClass, net.minecraftforge.fml.common.launcher.FMLTweaker]
[16:39:01] [main/INFO] [LaunchWrapper]: Loading tweak class name net.minecraftforge.fml.common.launcher.FMLTweaker
[16:39:01] [main/INFO] [LaunchWrapper]: Using primary tweak class name net.minecraftforge.fml.common.launcher.FMLTweaker
[16:39:01] [main/INFO] [LaunchWrapper]: Calling tweak class net.minecraftforge.fml.common.launcher.FMLTweaker
[16:50:37] [main/INFO] [GradleStart]: Extra: []
[16:50:37] [main/INFO] [GradleStart]: Running with arguments: [--userProperties, {}, --assetsDir, C:/Users/Philip/.gradle/caches/minecraft/assets, --assetIndex, 1.8, --accessToken{REDACTED}, --version, 1.8, --tweakClass, net.minecraftforge.fml.common.launcher.FMLTweaker]
[16:50:37] [main/INFO] [LaunchWrapper]: Loading tweak class name net.minecraftforge.fml.common.launcher.FMLTweaker
[16:50:37] [main/INFO] [LaunchWrapper]: Using primary tweak class name net.minecraftforge.fml.common.launcher.FMLTweaker
[16:50:37] [main/INFO] [LaunchWrapper]: Calling tweak class net.minecraftforge.fml.common.launcher.FMLTweaker
[17:11:53] [main/INFO] [GradleStart]: Extra: []
[17:11:53] [main/INFO] [GradleStart]: Running with arguments: [--userProperties, {}, --assetsDir, C:/Users/Philip/.gradle/caches/minecraft/assets, --assetIndex, 1.8, --accessToken{REDACTED}, --version, 1.8, --tweakClass, net.minecraftforge.fml.common.launcher.FMLTweaker]
[17:11:53] [main/INFO] [LaunchWrapper]: Loading tweak class name net.minecraftforge.fml.common.launcher.FMLTweaker
[17:11:53] [main/INFO] [LaunchWrapper]: Using primary tweak class name net.minecraftforge.fml.common.launcher.FMLTweaker
[17:11:53] [main/INFO] [LaunchWrapper]: Calling tweak class net.minecraftforge.fml.common.launcher.FMLTweaker
[17:20:59] [main/INFO] [GradleStart]: Extra: []
[17:20:59] [main/INFO] [GradleStart]: Running with arguments: [--userProperties, {}, --assetsDir, C:/Users/Philip/.gradle/caches/minecraft/assets, --assetIndex, 1.8, --accessToken{REDACTED}, --version, 1.8, --tweakClass, net.minecraftforge.fml.common.launcher.FMLTweaker]
[17:20:59] [main/INFO] [LaunchWrapper]: Loading tweak class name net.minecraftforge.fml.common.launcher.FMLTweaker
[17:20:59] [main/INFO] [LaunchWrapper]: Using primary tweak class name net.minecraftforge.fml.common.launcher.FMLTweaker
[17:20:59] [main/INFO] [LaunchWrapper]: Calling tweak class net.minecraftforge.fml.common.launcher.FMLTweaker
[17:28:33] [main/INFO] [GradleStart]: Extra: []
[17:28:33] [main/INFO] [GradleStart]: Running with arguments: [--userProperties, {}, --assetsDir, C:/Users/Philip/.gradle/caches/minecraft/assets, --assetIndex, 1.8, --accessToken{REDACTED}, --version, 1.8, --tweakClass, net.minecraftforge.fml.common.launcher.FMLTweaker]
[17:28:33] [main/INFO] [LaunchWrapper]: Loading tweak class name net.minecraftforge.fml.common.launcher.FMLTweaker
[17:28:33] [main/INFO] [LaunchWrapper]: Using primary tweak class name net.minecraftforge.fml.common.launcher.FMLTweaker
[17:28:33] [main/INFO] [LaunchWrapper]: Calling tweak class net.minecraftforge.fml.common.launcher.FMLTweaker
[17:49:14] [main/INFO] [GradleStart]: Extra: []
[17:49:14] [main/INFO] [GradleStart]: Running with arguments: [--userProperties, {}, --assetsDir, C:/Users/Philip/.gradle/caches/minecraft/assets, --assetIndex, 1.8, --accessToken{REDACTED}, --version, 1.8, --tweakClass, net.minecraftforge.fml.common.launcher.FMLTweaker]
[17:49:14] [main/INFO] [LaunchWrapper]: Loading tweak class name net.minecraftforge.fml.common.launcher.FMLTweaker
[17:49:14] [main/INFO] [LaunchWrapper]: Using primary tweak class name net.minecraftforge.fml.common.launcher.FMLTweaker
[17:49:14] [main/INFO] [LaunchWrapper]: Calling tweak class net.minecraftforge.fml.common.launcher.FMLTweaker
[18:04:58] [main/INFO] [GradleStart]: Extra: []
[18:04:58] [main/INFO] [GradleStart]: Running with arguments: [--userProperties, {}, --assetsDir, C:/Users/Philip/.gradle/caches/minecraft/assets, --assetIndex, 1.8, --accessToken{REDACTED}, --version, 1.8, --tweakClass, net.minecraftforge.fml.common.launcher.FMLTweaker]
[18:04:58] [main/INFO] [LaunchWrapper]: Loading tweak class name net.minecraftforge.fml.common.launcher.FMLTweaker
[18:04:58] [main/INFO] [LaunchWrapper]: Using primary tweak class name net.minecraftforge.fml.common.launcher.FMLTweaker
[18:04:58] [main/INFO] [LaunchWrapper]: Calling tweak class net.minecraftforge.fml.common.launcher.FMLTweaker
[19:43:27] [main/INFO] [GradleStart]: Extra: []
[19:43:27] [main/INFO] [GradleStart]: Running with arguments: [--userProperties, {}, --assetsDir, C:/Users/Philip/.gradle/caches/minecraft/assets, --assetIndex, 1.8, --accessToken{REDACTED}, --version, 1.8, --tweakClass, net.minecraftforge.fml.common.launcher.FMLTweaker]
[19:43:27] [main/INFO] [LaunchWrapper]: Loading tweak class name net.minecraftforge.fml.common.launcher.FMLTweaker
[19:43:27] [main/INFO] [LaunchWrapper]: Using primary tweak class name net.minecraftforge.fml.common.launcher.FMLTweaker
[19:43:27] [main/INFO] [LaunchWrapper]: Calling tweak class net.minecraftforge.fml.common.launcher.FMLTweaker
[20:11:06] [main/INFO] [GradleStart]: Extra: []
[20:11:06] [main/INFO] [GradleStart]: Running with arguments: [--userProperties, {}, --assetsDir, C:/Users/Philip/.gradle/caches/minecraft/assets, --assetIndex, 1.8, --accessToken{REDACTED}, --version, 1.8, --tweakClass, net.minecraftforge.fml.common.launcher.FMLTweaker]
[20:11:06] [main/INFO] [LaunchWrapper]: Loading tweak class name net.minecraftforge.fml.common.launcher.FMLTweaker
[20:11:06] [main/INFO] [LaunchWrapper]: Using primary tweak class name net.minecraftforge.fml.common.launcher.FMLTweaker
[20:11:06] [main/INFO] [LaunchWrapper]: Calling tweak class net.minecraftforge.fml.common.launcher.FMLTweaker
[22:31:15] [main/INFO] [GradleStart]: Extra: []
[22:31:15] [main/INFO] [GradleStart]: Running with arguments: [--userProperties, {}, --assetsDir, C:/Users/Philip/.gradle/caches/minecraft/assets, --assetIndex, 1.8, --accessToken{REDACTED}, --version, 1.8, --tweakClass, net.minecraftforge.fml.common.launcher.FMLTweaker]
[22:31:15] [main/INFO] [LaunchWrapper]: Loading tweak class name net.minecraftforge.fml.common.launcher.FMLTweaker
[22:31:15] [main/INFO] [LaunchWrapper]: Using primary tweak class name net.minecraftforge.fml.common.launcher.FMLTweaker
[22:31:15] [main/INFO] [LaunchWrapper]: Calling tweak class net.minecraftforge.fml.common.launcher.FMLTweaker
[00:13:53] [main/INFO] [GradleStart]: Extra: []
[00:13:53] [main/INFO] [GradleStart]: Running with arguments: [--userProperties, {}, --assetsDir, C:/Users/Philip/.gradle/caches/minecraft/assets, --assetIndex, 1.8, --accessToken{REDACTED}, --version, 1.8, --tweakClass, net.minecraftforge.fml.common.launcher.FMLTweaker]
[00:13:53] [main/INFO] [LaunchWrapper]: Loading tweak class name net.minecraftforge.fml.common.launcher.FMLTweaker
[00:13:53] [main/INFO] [LaunchWrapper]: Using primary tweak class name net.minecraftforge.fml.common.launcher.FMLTweaker
[00:13:53] [main/INFO] [LaunchWrapper]: Calling tweak class net.minecraftforge.fml.common.launcher.FMLTweaker
[00:33:23] [main/INFO] [GradleStart]: Extra: []
[00:33:23] [main/INFO] [GradleStart]: Running with arguments: [--userProperties, {}, --assetsDir, C:/Users/Philip/.gradle/caches/minecraft/assets, --assetIndex, 1.8, --accessToken{REDACTED}, --version, 1.8, --tweakClass, net.minecraftforge.fml.common.launcher.FMLTweaker]
[00:33:23] [main/INFO] [LaunchWrapper]: Loading tweak class name net.minecraftforge.fml.common.launcher.FMLTweaker
[00:33:23] [main/INFO] [LaunchWrapper]: Using primary tweak class name net.minecraftforge.fml.common.launcher.FMLTweaker
[00:33:23] [main/INFO] [LaunchWrapper]: Calling tweak class net.minecraftforge.fml.common.launcher.FMLTweaker
[00:37:38] [main/INFO] [GradleStart]: username: pwhiting.bba@gmail.com
[00:37:38] [main/INFO] [GradleStart]: Extra: []
[00:37:38] [main/INFO] [GradleStart]: Password found, attempting login
[00:37:39] [main/INFO] [GradleStart]: Login Succesful!
[00:37:39] [main/INFO] [GradleStart]: Running with arguments: [--userProperties, [{"name":"twitch_access_token","value":"sh2xz8z8t4hpt9zlb852r0wpw2t6e9c"}], --assetsDir, C:/Users/Philip/.gradle/caches/minecraft/assets, --assetIndex, 1.8, --userType, mojang, --accessToken{REDACTED}, --version, 1.8, --uuid, bf9320f0420c44069e4b3f45b22b05fa, --username, Himself12794, --tweakClass, net.minecraftforge.fml.common.launcher.FMLTweaker]
[00:37:39] [main/INFO] [LaunchWrapper]: Loading tweak class name net.minecraftforge.fml.common.launcher.FMLTweaker
[00:37:39] [main/INFO] [LaunchWrapper]: Using primary tweak class name net.minecraftforge.fml.common.launcher.FMLTweaker
[00:37:39] [main/INFO] [LaunchWrapper]: Calling tweak class net.minecraftforge.fml.common.launcher.FMLTweaker
[18:13:30] [main/INFO] [GradleStart]: Extra: []
[18:13:30] [main/INFO] [GradleStart]: Running with arguments: [--tweakClass, net.minecraftforge.fml.common.launcher.FMLServerTweaker]
[18:13:30] [main/INFO] [LaunchWrapper]: Loading tweak class name net.minecraftforge.fml.common.launcher.FMLServerTweaker
[18:13:30] [main/INFO] [LaunchWrapper]: Using primary tweak class name net.minecraftforge.fml.common.launcher.FMLServerTweaker
[18:13:30] [main/INFO] [LaunchWrapper]: Calling tweak class net.minecraftforge.fml.common.launcher.FMLServerTweaker
[18:16:30] [main/INFO] [GradleStart]: Extra: []
[18:16:30] [main/INFO] [GradleStart]: Running with arguments: [--tweakClass, net.minecraftforge.fml.common.launcher.FMLServerTweaker]
[18:16:30] [main/INFO] [LaunchWrapper]: Loading tweak class name net.minecraftforge.fml.common.launcher.FMLServerTweaker
[18:16:30] [main/INFO] [LaunchWrapper]: Using primary tweak class name net.minecraftforge.fml.common.launcher.FMLServerTweaker
[18:16:30] [main/INFO] [LaunchWrapper]: Calling tweak class net.minecraftforge.fml.common.launcher.FMLServerTweaker
[19:17:38] [main/INFO] [GradleStart]: Extra: []
[19:17:38] [main/INFO] [GradleStart]: Running with arguments: [--tweakClass, net.minecraftforge.fml.common.launcher.FMLServerTweaker]
[19:17:38] [main/INFO] [LaunchWrapper]: Loading tweak class name net.minecraftforge.fml.common.launcher.FMLServerTweaker
[19:17:38] [main/INFO] [LaunchWrapper]: Using primary tweak class name net.minecraftforge.fml.common.launcher.FMLServerTweaker
[19:17:38] [main/INFO] [LaunchWrapper]: Calling tweak class net.minecraftforge.fml.common.launcher.FMLServerTweaker
[19:18:11] [main/INFO] [GradleStart]: username: pwhiting.bba@gmail.com
[19:18:11] [main/INFO] [GradleStart]: Extra: []
[19:18:11] [main/INFO] [GradleStart]: Password found, attempting login
[19:18:12] [main/INFO] [GradleStart]: Login Succesful!
[19:18:12] [main/INFO] [GradleStart]: Running with arguments: [--userProperties, [{"name":"twitch_access_token","value":"sh2xz8z8t4hpt9zlb852r0wpw2t6e9c"}], --assetsDir, C:/Users/Philip/.gradle/caches/minecraft/assets, --assetIndex, 1.8, --userType, mojang, --accessToken{REDACTED}, --version, 1.8, --uuid, bf9320f0420c44069e4b3f45b22b05fa, --username, Himself12794, --tweakClass, net.minecraftforge.fml.common.launcher.FMLTweaker]
[19:18:12] [main/INFO] [LaunchWrapper]: Loading tweak class name net.minecraftforge.fml.common.launcher.FMLTweaker
[19:18:12] [main/INFO] [LaunchWrapper]: Using primary tweak class name net.minecraftforge.fml.common.launcher.FMLTweaker
[19:18:12] [main/INFO] [LaunchWrapper]: Calling tweak class net.minecraftforge.fml.common.launcher.FMLTweaker
[19:20:39] [main/INFO] [GradleStart]: username: pwhiting.bba@gmail.com
[19:20:39] [main/INFO] [GradleStart]: Extra: []
[19:20:39] [main/INFO] [GradleStart]: Password found, attempting login
[19:20:39] [main/INFO] [GradleStart]: Login Succesful!
[19:20:39] [main/INFO] [GradleStart]: Running with arguments: [--userProperties, [{"name":"twitch_access_token","value":"sh2xz8z8t4hpt9zlb852r0wpw2t6e9c"}], --assetsDir, C:/Users/Philip/.gradle/caches/minecraft/assets, --assetIndex, 1.8, --userType, mojang, --accessToken{REDACTED}, --version, 1.8, --uuid, bf9320f0420c44069e4b3f45b22b05fa, --username, Himself12794, --tweakClass, net.minecraftforge.fml.common.launcher.FMLTweaker]
[19:20:39] [main/INFO] [LaunchWrapper]: Loading tweak class name net.minecraftforge.fml.common.launcher.FMLTweaker
[19:20:39] [main/INFO] [LaunchWrapper]: Using primary tweak class name net.minecraftforge.fml.common.launcher.FMLTweaker
[19:20:39] [main/INFO] [LaunchWrapper]: Calling tweak class net.minecraftforge.fml.common.launcher.FMLTweaker
[19:24:26] [main/INFO] [GradleStart]: username: pwhiting.bba@gmail.com
[19:24:26] [main/INFO] [GradleStart]: Extra: []
[19:24:26] [main/INFO] [GradleStart]: Password found, attempting login
[19:24:27] [main/INFO] [GradleStart]: Login Succesful!
[19:24:27] [main/INFO] [GradleStart]: Running with arguments: [--userProperties, [{"name":"twitch_access_token","value":"sh2xz8z8t4hpt9zlb852r0wpw2t6e9c"}], --assetsDir, C:/Users/Philip/.gradle/caches/minecraft/assets, --assetIndex, 1.8, --userType, mojang, --accessToken{REDACTED}, --version, 1.8, --uuid, bf9320f0420c44069e4b3f45b22b05fa, --username, Himself12794, --tweakClass, net.minecraftforge.fml.common.launcher.FMLTweaker]
[19:24:27] [main/INFO] [LaunchWrapper]: Loading tweak class name net.minecraftforge.fml.common.launcher.FMLTweaker
[19:24:27] [main/INFO] [LaunchWrapper]: Using primary tweak class name net.minecraftforge.fml.common.launcher.FMLTweaker
[19:24:27] [main/INFO] [LaunchWrapper]: Calling tweak class net.minecraftforge.fml.common.launcher.FMLTweaker
[19:28:19] [main/INFO] [GradleStart]: username: pwhiting.bba@gmail.com
[19:28:19] [main/INFO] [GradleStart]: Extra: []
[19:28:19] [main/INFO] [GradleStart]: Password found, attempting login
[19:28:20] [main/INFO] [GradleStart]: Login Succesful!
[19:28:20] [main/INFO] [GradleStart]: Running with arguments: [--userProperties, [{"name":"twitch_access_token","value":"sh2xz8z8t4hpt9zlb852r0wpw2t6e9c"}], --assetsDir, C:/Users/Philip/.gradle/caches/minecraft/assets, --assetIndex, 1.8, --userType, mojang, --accessToken{REDACTED}, --version, 1.8, --uuid, bf9320f0420c44069e4b3f45b22b05fa, --username, Himself12794, --tweakClass, net.minecraftforge.fml.common.launcher.FMLTweaker]
[19:28:20] [main/INFO] [LaunchWrapper]: Loading tweak class name net.minecraftforge.fml.common.launcher.FMLTweaker
[19:28:20] [main/INFO] [LaunchWrapper]: Using primary tweak class name net.minecraftforge.fml.common.launcher.FMLTweaker
[19:28:20] [main/INFO] [LaunchWrapper]: Calling tweak class net.minecraftforge.fml.common.launcher.FMLTweaker
[19:43:31] [main/INFO] [GradleStart]: Extra: []
[19:43:31] [main/INFO] [GradleStart]: Running with arguments: [--userProperties, {}, --assetsDir, C:/Users/Philip/.gradle/caches/minecraft/assets, --assetIndex, 1.8, --accessToken{REDACTED}, --version, 1.8, --tweakClass, net.minecraftforge.fml.common.launcher.FMLTweaker]
[19:43:31] [main/INFO] [LaunchWrapper]: Loading tweak class name net.minecraftforge.fml.common.launcher.FMLTweaker
[19:43:31] [main/INFO] [LaunchWrapper]: Using primary tweak class name net.minecraftforge.fml.common.launcher.FMLTweaker
[19:43:31] [main/INFO] [LaunchWrapper]: Calling tweak class net.minecraftforge.fml.common.launcher.FMLTweaker
[22:35:21] [main/INFO] [GradleStart]: username: pwhiting.bba@gmail.com
[22:35:21] [main/INFO] [GradleStart]: Extra: []
[22:35:21] [main/INFO] [GradleStart]: Password found, attempting login
[22:35:21] [main/INFO] [GradleStart]: Login Succesful!
[22:35:21] [main/INFO] [GradleStart]: Running with arguments: [--userProperties, [{"name":"twitch_access_token","value":"sh2xz8z8t4hpt9zlb852r0wpw2t6e9c"}], --assetsDir, C:/Users/Philip/.gradle/caches/minecraft/assets, --assetIndex, 1.8, --userType, mojang, --accessToken{REDACTED}, --version, 1.8, --uuid, bf9320f0420c44069e4b3f45b22b05fa, --username, Himself12794, --tweakClass, net.minecraftforge.fml.common.launcher.FMLTweaker]
[22:35:21] [main/INFO] [LaunchWrapper]: Loading tweak class name net.minecraftforge.fml.common.launcher.FMLTweaker
[22:35:21] [main/INFO] [LaunchWrapper]: Using primary tweak class name net.minecraftforge.fml.common.launcher.FMLTweaker
[22:35:21] [main/INFO] [LaunchWrapper]: Calling tweak class net.minecraftforge.fml.common.launcher.FMLTweaker
[22:37:44] [main/INFO] [GradleStart]: username: pwhiting.bba@gmail.com
[22:37:44] [main/INFO] [GradleStart]: Extra: []
[22:37:44] [main/INFO] [GradleStart]: Password found, attempting login
[22:37:45] [main/INFO] [GradleStart]: Login Succesful!
[22:37:45] [main/INFO] [GradleStart]: Running with arguments: [--userProperties, [{"name":"twitch_access_token","value":"sh2xz8z8t4hpt9zlb852r0wpw2t6e9c"}], --assetsDir, C:/Users/Philip/.gradle/caches/minecraft/assets, --assetIndex, 1.8, --userType, mojang, --accessToken{REDACTED}, --version, 1.8, --uuid, bf9320f0420c44069e4b3f45b22b05fa, --username, Himself12794, --tweakClass, net.minecraftforge.fml.common.launcher.FMLTweaker]
[22:37:45] [main/INFO] [LaunchWrapper]: Loading tweak class name net.minecraftforge.fml.common.launcher.FMLTweaker
[22:37:45] [main/INFO] [LaunchWrapper]: Using primary tweak class name net.minecraftforge.fml.common.launcher.FMLTweaker
[22:37:45] [main/INFO] [LaunchWrapper]: Calling tweak class net.minecraftforge.fml.common.launcher.FMLTweaker
[22:40:55] [main/INFO] [GradleStart]: username: pwhiting.bba@gmail.com
[22:40:55] [main/INFO] [GradleStart]: Extra: []
[22:40:55] [main/INFO] [GradleStart]: Password found, attempting login
[22:40:55] [main/INFO] [GradleStart]: Login Succesful!
[22:40:56] [main/INFO] [GradleStart]: Running with arguments: [--userProperties, [{"name":"twitch_access_token","value":"sh2xz8z8t4hpt9zlb852r0wpw2t6e9c"}], --assetsDir, C:/Users/Philip/.gradle/caches/minecraft/assets, --assetIndex, 1.8, --userType, mojang, --accessToken{REDACTED}, --version, 1.8, --uuid, bf9320f0420c44069e4b3f45b22b05fa, --username, Himself12794, --tweakClass, net.minecraftforge.fml.common.launcher.FMLTweaker]
[22:40:56] [main/INFO] [LaunchWrapper]: Loading tweak class name net.minecraftforge.fml.common.launcher.FMLTweaker
[22:40:56] [main/INFO] [LaunchWrapper]: Using primary tweak class name net.minecraftforge.fml.common.launcher.FMLTweaker
[22:40:56] [main/INFO] [LaunchWrapper]: Calling tweak class net.minecraftforge.fml.common.launcher.FMLTweaker
[22:51:27] [main/INFO] [GradleStart]: username: pwhiting.bba@gmail.com
[22:51:27] [main/INFO] [GradleStart]: Extra: []
[22:51:27] [main/INFO] [GradleStart]: Password found, attempting login
[22:51:28] [main/INFO] [GradleStart]: Login Succesful!
[22:51:28] [main/INFO] [GradleStart]: Running with arguments: [--userProperties, [{"name":"twitch_access_token","value":"sh2xz8z8t4hpt9zlb852r0wpw2t6e9c"}], --assetsDir, C:/Users/Philip/.gradle/caches/minecraft/assets, --assetIndex, 1.8, --userType, mojang, --accessToken{REDACTED}, --version, 1.8, --uuid, bf9320f0420c44069e4b3f45b22b05fa, --username, Himself12794, --tweakClass, net.minecraftforge.fml.common.launcher.FMLTweaker]
[22:51:28] [main/INFO] [LaunchWrapper]: Loading tweak class name net.minecraftforge.fml.common.launcher.FMLTweaker
[22:51:28] [main/INFO] [LaunchWrapper]: Using primary tweak class name net.minecraftforge.fml.common.launcher.FMLTweaker
[22:51:28] [main/INFO] [LaunchWrapper]: Calling tweak class net.minecraftforge.fml.common.launcher.FMLTweaker
[23:00:39] [main/INFO] [GradleStart]: username: pwhiting.bba@gmail.com
[23:00:39] [main/INFO] [GradleStart]: Extra: []
[23:00:39] [main/INFO] [GradleStart]: Password found, attempting login
[23:00:39] [main/INFO] [GradleStart]: Login Succesful!
[23:00:39] [main/INFO] [GradleStart]: Running with arguments: [--userProperties, [{"name":"twitch_access_token","value":"sh2xz8z8t4hpt9zlb852r0wpw2t6e9c"}], --assetsDir, C:/Users/Philip/.gradle/caches/minecraft/assets, --assetIndex, 1.8, --userType, mojang, --accessToken{REDACTED}, --version, 1.8, --uuid, bf9320f0420c44069e4b3f45b22b05fa, --username, Himself12794, --tweakClass, net.minecraftforge.fml.common.launcher.FMLTweaker]
[23:00:39] [main/INFO] [LaunchWrapper]: Loading tweak class name net.minecraftforge.fml.common.launcher.FMLTweaker
[23:00:39] [main/INFO] [LaunchWrapper]: Using primary tweak class name net.minecraftforge.fml.common.launcher.FMLTweaker
[23:00:39] [main/INFO] [LaunchWrapper]: Calling tweak class net.minecraftforge.fml.common.launcher.FMLTweaker
[23:02:53] [main/INFO] [GradleStart]: username: pwhiting.bba@gmail.com
[23:02:53] [main/INFO] [GradleStart]: Extra: []
[23:02:53] [main/INFO] [GradleStart]: Password found, attempting login
[23:02:54] [main/INFO] [GradleStart]: Login Succesful!
[23:02:54] [main/INFO] [GradleStart]: Running with arguments: [--userProperties, [{"name":"twitch_access_token","value":"sh2xz8z8t4hpt9zlb852r0wpw2t6e9c"}], --assetsDir, C:/Users/Philip/.gradle/caches/minecraft/assets, --assetIndex, 1.8, --userType, mojang, --accessToken{REDACTED}, --version, 1.8, --uuid, bf9320f0420c44069e4b3f45b22b05fa, --username, Himself12794, --tweakClass, net.minecraftforge.fml.common.launcher.FMLTweaker]
[23:02:54] [main/INFO] [LaunchWrapper]: Loading tweak class name net.minecraftforge.fml.common.launcher.FMLTweaker
[23:02:54] [main/INFO] [LaunchWrapper]: Using primary tweak class name net.minecraftforge.fml.common.launcher.FMLTweaker
[23:02:54] [main/INFO] [LaunchWrapper]: Calling tweak class net.minecraftforge.fml.common.launcher.FMLTweaker
[23:05:35] [main/INFO] [GradleStart]: username: pwhiting.bba@gmail.com
[23:05:35] [main/INFO] [GradleStart]: Extra: []
[23:05:35] [main/INFO] [GradleStart]: Password found, attempting login
[23:05:36] [main/INFO] [GradleStart]: Login Succesful!
[23:05:36] [main/INFO] [GradleStart]: Running with arguments: [--userProperties, [{"name":"twitch_access_token","value":"sh2xz8z8t4hpt9zlb852r0wpw2t6e9c"}], --assetsDir, C:/Users/Philip/.gradle/caches/minecraft/assets, --assetIndex, 1.8, --userType, mojang, --accessToken{REDACTED}, --version, 1.8, --uuid, bf9320f0420c44069e4b3f45b22b05fa, --username, Himself12794, --tweakClass, net.minecraftforge.fml.common.launcher.FMLTweaker]
[23:05:36] [main/INFO] [LaunchWrapper]: Loading tweak class name net.minecraftforge.fml.common.launcher.FMLTweaker
[23:05:36] [main/INFO] [LaunchWrapper]: Using primary tweak class name net.minecraftforge.fml.common.launcher.FMLTweaker
[23:05:36] [main/INFO] [LaunchWrapper]: Calling tweak class net.minecraftforge.fml.common.launcher.FMLTweaker
[00:28:22] [main/INFO] [GradleStart]: username: pwhiting.bba@gmail.com
[00:28:22] [main/INFO] [GradleStart]: Extra: []
[00:28:22] [main/INFO] [GradleStart]: Password found, attempting login
[00:28:23] [main/INFO] [GradleStart]: Login Succesful!
[00:28:23] [main/INFO] [GradleStart]: Running with arguments: [--userProperties, [{"name":"twitch_access_token","value":"sh2xz8z8t4hpt9zlb852r0wpw2t6e9c"}], --assetsDir, C:/Users/Philip/.gradle/caches/minecraft/assets, --assetIndex, 1.8, --userType, mojang, --accessToken{REDACTED}, --version, 1.8, --uuid, bf9320f0420c44069e4b3f45b22b05fa, --username, Himself12794, --tweakClass, net.minecraftforge.fml.common.launcher.FMLTweaker]
[00:28:23] [main/INFO] [LaunchWrapper]: Loading tweak class name net.minecraftforge.fml.common.launcher.FMLTweaker
[00:28:23] [main/INFO] [LaunchWrapper]: Using primary tweak class name net.minecraftforge.fml.common.launcher.FMLTweaker
[00:28:23] [main/INFO] [LaunchWrapper]: Calling tweak class net.minecraftforge.fml.common.launcher.FMLTweaker
[00:43:12] [main/INFO] [GradleStart]: username: pwhiting.bba@gmail.com
[00:43:12] [main/INFO] [GradleStart]: Extra: []
[00:43:12] [main/INFO] [GradleStart]: Password found, attempting login
[00:43:13] [main/INFO] [GradleStart]: Login Succesful!
[00:43:13] [main/INFO] [GradleStart]: Running with arguments: [--userProperties, [{"name":"twitch_access_token","value":"sh2xz8z8t4hpt9zlb852r0wpw2t6e9c"}], --assetsDir, C:/Users/Philip/.gradle/caches/minecraft/assets, --assetIndex, 1.8, --userType, mojang, --accessToken{REDACTED}, --version, 1.8, --uuid, bf9320f0420c44069e4b3f45b22b05fa, --username, Himself12794, --tweakClass, net.minecraftforge.fml.common.launcher.FMLTweaker]
[00:43:13] [main/INFO] [LaunchWrapper]: Loading tweak class name net.minecraftforge.fml.common.launcher.FMLTweaker
[00:43:13] [main/INFO] [LaunchWrapper]: Using primary tweak class name net.minecraftforge.fml.common.launcher.FMLTweaker
[00:43:13] [main/INFO] [LaunchWrapper]: Calling tweak class net.minecraftforge.fml.common.launcher.FMLTweaker
[01:07:40] [main/INFO] [GradleStart]: username: pwhiting.bba@gmail.com
[01:07:40] [main/INFO] [GradleStart]: Extra: []
[01:07:40] [main/INFO] [GradleStart]: Password found, attempting login
[01:07:40] [main/INFO] [GradleStart]: Login Succesful!
[01:07:40] [main/INFO] [GradleStart]: Running with arguments: [--userProperties, [{"name":"twitch_access_token","value":"sh2xz8z8t4hpt9zlb852r0wpw2t6e9c"}], --assetsDir, C:/Users/Philip/.gradle/caches/minecraft/assets, --assetIndex, 1.8, --userType, mojang, --accessToken{REDACTED}, --version, 1.8, --uuid, bf9320f0420c44069e4b3f45b22b05fa, --username, Himself12794, --tweakClass, net.minecraftforge.fml.common.launcher.FMLTweaker]
[01:07:40] [main/INFO] [LaunchWrapper]: Loading tweak class name net.minecraftforge.fml.common.launcher.FMLTweaker
[01:07:40] [main/INFO] [LaunchWrapper]: Using primary tweak class name net.minecraftforge.fml.common.launcher.FMLTweaker
[01:07:40] [main/INFO] [LaunchWrapper]: Calling tweak class net.minecraftforge.fml.common.launcher.FMLTweaker
[01:49:56] [main/INFO] [GradleStart]: username: pwhiting.bba@gmail.com
[01:49:56] [main/INFO] [GradleStart]: Extra: []
[01:49:56] [main/INFO] [GradleStart]: Password found, attempting login
[01:49:56] [main/INFO] [GradleStart]: Login Succesful!
[01:49:56] [main/INFO] [GradleStart]: Running with arguments: [--userProperties, [{"name":"twitch_access_token","value":"sh2xz8z8t4hpt9zlb852r0wpw2t6e9c"}], --assetsDir, C:/Users/Philip/.gradle/caches/minecraft/assets, --assetIndex, 1.8, --userType, mojang, --accessToken{REDACTED}, --version, 1.8, --uuid, bf9320f0420c44069e4b3f45b22b05fa, --username, Himself12794, --tweakClass, net.minecraftforge.fml.common.launcher.FMLTweaker]
[01:49:57] [main/INFO] [LaunchWrapper]: Loading tweak class name net.minecraftforge.fml.common.launcher.FMLTweaker
[01:49:57] [main/INFO] [LaunchWrapper]: Using primary tweak class name net.minecraftforge.fml.common.launcher.FMLTweaker
[01:49:57] [main/INFO] [LaunchWrapper]: Calling tweak class net.minecraftforge.fml.common.launcher.FMLTweaker
[02:07:45] [main/INFO] [GradleStart]: username: pwhiting.bba@gmail.com
[02:07:45] [main/INFO] [GradleStart]: Extra: []
[02:07:45] [main/INFO] [GradleStart]: Password found, attempting login
[02:07:46] [main/INFO] [GradleStart]: Login Succesful!
[02:07:46] [main/INFO] [GradleStart]: Running with arguments: [--userProperties, [{"name":"twitch_access_token","value":"sh2xz8z8t4hpt9zlb852r0wpw2t6e9c"}], --assetsDir, C:/Users/Philip/.gradle/caches/minecraft/assets, --assetIndex, 1.8, --userType, mojang, --accessToken{REDACTED}, --version, 1.8, --uuid, bf9320f0420c44069e4b3f45b22b05fa, --username, Himself12794, --tweakClass, net.minecraftforge.fml.common.launcher.FMLTweaker]
[02:07:46] [main/INFO] [LaunchWrapper]: Loading tweak class name net.minecraftforge.fml.common.launcher.FMLTweaker
[02:07:46] [main/INFO] [LaunchWrapper]: Using primary tweak class name net.minecraftforge.fml.common.launcher.FMLTweaker
[02:07:46] [main/INFO] [LaunchWrapper]: Calling tweak class net.minecraftforge.fml.common.launcher.FMLTweaker
[02:25:51] [main/INFO] [GradleStart]: username: pwhiting.bba@gmail.com
[02:25:51] [main/INFO] [GradleStart]: Extra: []
[02:25:51] [main/INFO] [GradleStart]: Password found, attempting login
[02:25:52] [main/INFO] [GradleStart]: Login Succesful!
[02:25:52] [main/INFO] [GradleStart]: Running with arguments: [--userProperties, [{"name":"twitch_access_token","value":"sh2xz8z8t4hpt9zlb852r0wpw2t6e9c"}], --assetsDir, C:/Users/Philip/.gradle/caches/minecraft/assets, --assetIndex, 1.8, --userType, mojang, --accessToken{REDACTED}, --version, 1.8, --uuid, bf9320f0420c44069e4b3f45b22b05fa, --username, Himself12794, --tweakClass, net.minecraftforge.fml.common.launcher.FMLTweaker]
[02:25:52] [main/INFO] [LaunchWrapper]: Loading tweak class name net.minecraftforge.fml.common.launcher.FMLTweaker
[02:25:52] [main/INFO] [LaunchWrapper]: Using primary tweak class name net.minecraftforge.fml.common.launcher.FMLTweaker
[02:25:52] [main/INFO] [LaunchWrapper]: Calling tweak class net.minecraftforge.fml.common.launcher.FMLTweaker
[02:29:42] [main/INFO] [GradleStart]: username: pwhiting.bba@gmail.com
[02:29:42] [main/INFO] [GradleStart]: Extra: []
[02:29:42] [main/INFO] [GradleStart]: Password found, attempting login
[02:29:43] [main/INFO] [GradleStart]: Login Succesful!
[02:29:43] [main/INFO] [GradleStart]: Running with arguments: [--userProperties, [{"name":"twitch_access_token","value":"sh2xz8z8t4hpt9zlb852r0wpw2t6e9c"}], --assetsDir, C:/Users/Philip/.gradle/caches/minecraft/assets, --assetIndex, 1.8, --userType, mojang, --accessToken{REDACTED}, --version, 1.8, --uuid, bf9320f0420c44069e4b3f45b22b05fa, --username, Himself12794, --tweakClass, net.minecraftforge.fml.common.launcher.FMLTweaker]
[02:29:43] [main/INFO] [LaunchWrapper]: Loading tweak class name net.minecraftforge.fml.common.launcher.FMLTweaker
[02:29:43] [main/INFO] [LaunchWrapper]: Using primary tweak class name net.minecraftforge.fml.common.launcher.FMLTweaker
[02:29:43] [main/INFO] [LaunchWrapper]: Calling tweak class net.minecraftforge.fml.common.launcher.FMLTweaker
[14:15:49] [main/INFO] [GradleStart]: username: pwhiting.bba@gmail.com
[14:15:50] [main/INFO] [GradleStart]: Extra: []
[14:15:50] [main/INFO] [GradleStart]: Password found, attempting login
[14:15:50] [main/INFO] [GradleStart]: Login Succesful!
[14:15:50] [main/INFO] [GradleStart]: Running with arguments: [--userProperties, [{"name":"twitch_access_token","value":"sh2xz8z8t4hpt9zlb852r0wpw2t6e9c"}], --assetsDir, C:/Users/Philip/.gradle/caches/minecraft/assets, --assetIndex, 1.8, --userType, mojang, --accessToken{REDACTED}, --version, 1.8, --uuid, bf9320f0420c44069e4b3f45b22b05fa, --username, Himself12794, --tweakClass, net.minecraftforge.fml.common.launcher.FMLTweaker]
[14:15:50] [main/INFO] [LaunchWrapper]: Loading tweak class name net.minecraftforge.fml.common.launcher.FMLTweaker
[14:15:50] [main/INFO] [LaunchWrapper]: Using primary tweak class name net.minecraftforge.fml.common.launcher.FMLTweaker
[14:15:50] [main/INFO] [LaunchWrapper]: Calling tweak class net.minecraftforge.fml.common.launcher.FMLTweaker
[17:45:28] [main/INFO] [GradleStart]: username: pwhiting.bba@gmail.com
[17:45:28] [main/INFO] [GradleStart]: Extra: []
[17:45:28] [main/INFO] [GradleStart]: Password found, attempting login
[17:45:29] [main/INFO] [GradleStart]: Login Succesful!
[17:45:29] [main/INFO] [GradleStart]: Running with arguments: [--userProperties, [{"name":"twitch_access_token","value":"sh2xz8z8t4hpt9zlb852r0wpw2t6e9c"}], --assetsDir, C:/Users/Philip/.gradle/caches/minecraft/assets, --assetIndex, 1.8, --userType, mojang, --accessToken{REDACTED}, --version, 1.8, --uuid, bf9320f0420c44069e4b3f45b22b05fa, --username, Himself12794, --tweakClass, net.minecraftforge.fml.common.launcher.FMLTweaker]
[17:45:29] [main/INFO] [LaunchWrapper]: Loading tweak class name net.minecraftforge.fml.common.launcher.FMLTweaker
[17:45:29] [main/INFO] [LaunchWrapper]: Using primary tweak class name net.minecraftforge.fml.common.launcher.FMLTweaker
[17:45:29] [main/INFO] [LaunchWrapper]: Calling tweak class net.minecraftforge.fml.common.launcher.FMLTweaker
[18:04:07] [main/INFO] [GradleStart]: username: pwhiting.bba@gmail.com
[18:04:07] [main/INFO] [GradleStart]: Extra: []
[18:04:07] [main/INFO] [GradleStart]: Password found, attempting login
[18:04:07] [main/ERROR] [GradleStart]: -- Login failed!  Cannot contact authentication server
[18:04:37] [main/INFO] [GradleStart]: Extra: []
[18:04:37] [main/INFO] [GradleStart]: Running with arguments: [--userProperties, {}, --assetsDir, C:/Users/Philip/.gradle/caches/minecraft/assets, --assetIndex, 1.8, --accessToken{REDACTED}, --version, 1.8, --tweakClass, net.minecraftforge.fml.common.launcher.FMLTweaker]
[18:04:37] [main/INFO] [LaunchWrapper]: Loading tweak class name net.minecraftforge.fml.common.launcher.FMLTweaker
[18:04:37] [main/INFO] [LaunchWrapper]: Using primary tweak class name net.minecraftforge.fml.common.launcher.FMLTweaker
[18:04:37] [main/INFO] [LaunchWrapper]: Calling tweak class net.minecraftforge.fml.common.launcher.FMLTweaker
[18:06:19] [main/INFO] [GradleStart]: Extra: []
[18:06:19] [main/INFO] [GradleStart]: Running with arguments: [--userProperties, {}, --assetsDir, C:/Users/Philip/.gradle/caches/minecraft/assets, --assetIndex, 1.8, --accessToken{REDACTED}, --version, 1.8, --tweakClass, net.minecraftforge.fml.common.launcher.FMLTweaker]
[18:06:19] [main/INFO] [LaunchWrapper]: Loading tweak class name net.minecraftforge.fml.common.launcher.FMLTweaker
[18:06:19] [main/INFO] [LaunchWrapper]: Using primary tweak class name net.minecraftforge.fml.common.launcher.FMLTweaker
[18:06:19] [main/INFO] [LaunchWrapper]: Calling tweak class net.minecraftforge.fml.common.launcher.FMLTweaker
[18:08:03] [main/INFO] [GradleStart]: Extra: []
[18:08:03] [main/INFO] [GradleStart]: Running with arguments: [--userProperties, {}, --assetsDir, C:/Users/Philip/.gradle/caches/minecraft/assets, --assetIndex, 1.8, --accessToken{REDACTED}, --version, 1.8, --tweakClass, net.minecraftforge.fml.common.launcher.FMLTweaker]
[18:08:03] [main/INFO] [LaunchWrapper]: Loading tweak class name net.minecraftforge.fml.common.launcher.FMLTweaker
[18:08:03] [main/INFO] [LaunchWrapper]: Using primary tweak class name net.minecraftforge.fml.common.launcher.FMLTweaker
[18:08:03] [main/INFO] [LaunchWrapper]: Calling tweak class net.minecraftforge.fml.common.launcher.FMLTweaker
[18:39:39] [main/INFO] [GradleStart]: Extra: []
[18:39:39] [main/INFO] [GradleStart]: Running with arguments: [--userProperties, {}, --assetsDir, C:/Users/Philip/.gradle/caches/minecraft/assets, --assetIndex, 1.8, --accessToken{REDACTED}, --version, 1.8, --tweakClass, net.minecraftforge.fml.common.launcher.FMLTweaker]
[18:39:39] [main/INFO] [LaunchWrapper]: Loading tweak class name net.minecraftforge.fml.common.launcher.FMLTweaker
[18:39:39] [main/INFO] [LaunchWrapper]: Using primary tweak class name net.minecraftforge.fml.common.launcher.FMLTweaker
[18:39:39] [main/INFO] [LaunchWrapper]: Calling tweak class net.minecraftforge.fml.common.launcher.FMLTweaker
[18:42:58] [main/INFO] [GradleStart]: Extra: []
[18:42:58] [main/INFO] [GradleStart]: Running with arguments: [--userProperties, {}, --assetsDir, C:/Users/Philip/.gradle/caches/minecraft/assets, --assetIndex, 1.8, --accessToken{REDACTED}, --version, 1.8, --tweakClass, net.minecraftforge.fml.common.launcher.FMLTweaker]
[18:42:58] [main/INFO] [LaunchWrapper]: Loading tweak class name net.minecraftforge.fml.common.launcher.FMLTweaker
[18:42:58] [main/INFO] [LaunchWrapper]: Using primary tweak class name net.minecraftforge.fml.common.launcher.FMLTweaker
[18:42:58] [main/INFO] [LaunchWrapper]: Calling tweak class net.minecraftforge.fml.common.launcher.FMLTweaker
[18:45:30] [main/INFO] [GradleStart]: Extra: []
[18:45:30] [main/INFO] [GradleStart]: Running with arguments: [--userProperties, {}, --assetsDir, C:/Users/Philip/.gradle/caches/minecraft/assets, --assetIndex, 1.8, --accessToken{REDACTED}, --version, 1.8, --tweakClass, net.minecraftforge.fml.common.launcher.FMLTweaker]
[18:45:30] [main/INFO] [LaunchWrapper]: Loading tweak class name net.minecraftforge.fml.common.launcher.FMLTweaker
[18:45:30] [main/INFO] [LaunchWrapper]: Using primary tweak class name net.minecraftforge.fml.common.launcher.FMLTweaker
[18:45:30] [main/INFO] [LaunchWrapper]: Calling tweak class net.minecraftforge.fml.common.launcher.FMLTweaker
[18:47:44] [main/INFO] [GradleStart]: Extra: []
[18:47:44] [main/INFO] [GradleStart]: Running with arguments: [--userProperties, {}, --assetsDir, C:/Users/Philip/.gradle/caches/minecraft/assets, --assetIndex, 1.8, --accessToken{REDACTED}, --version, 1.8, --tweakClass, net.minecraftforge.fml.common.launcher.FMLTweaker]
[18:47:44] [main/INFO] [LaunchWrapper]: Loading tweak class name net.minecraftforge.fml.common.launcher.FMLTweaker
[18:47:44] [main/INFO] [LaunchWrapper]: Using primary tweak class name net.minecraftforge.fml.common.launcher.FMLTweaker
[18:47:44] [main/INFO] [LaunchWrapper]: Calling tweak class net.minecraftforge.fml.common.launcher.FMLTweaker
[18:50:47] [main/INFO] [GradleStart]: Extra: []
[18:50:47] [main/INFO] [GradleStart]: Running with arguments: [--userProperties, {}, --assetsDir, C:/Users/Philip/.gradle/caches/minecraft/assets, --assetIndex, 1.8, --accessToken{REDACTED}, --version, 1.8, --tweakClass, net.minecraftforge.fml.common.launcher.FMLTweaker]
[18:50:47] [main/INFO] [LaunchWrapper]: Loading tweak class name net.minecraftforge.fml.common.launcher.FMLTweaker
[18:50:47] [main/INFO] [LaunchWrapper]: Using primary tweak class name net.minecraftforge.fml.common.launcher.FMLTweaker
[18:50:47] [main/INFO] [LaunchWrapper]: Calling tweak class net.minecraftforge.fml.common.launcher.FMLTweaker
[19:12:31] [main/INFO] [GradleStart]: Extra: []
[19:12:31] [main/INFO] [GradleStart]: Running with arguments: [--userProperties, {}, --assetsDir, C:/Users/Philip/.gradle/caches/minecraft/assets, --assetIndex, 1.8, --accessToken{REDACTED}, --version, 1.8, --tweakClass, net.minecraftforge.fml.common.launcher.FMLTweaker]
[19:12:31] [main/INFO] [LaunchWrapper]: Loading tweak class name net.minecraftforge.fml.common.launcher.FMLTweaker
[19:12:31] [main/INFO] [LaunchWrapper]: Using primary tweak class name net.minecraftforge.fml.common.launcher.FMLTweaker
[19:12:31] [main/INFO] [LaunchWrapper]: Calling tweak class net.minecraftforge.fml.common.launcher.FMLTweaker
[19:13:27] [main/INFO] [GradleStart]: Extra: []
[19:13:27] [main/INFO] [GradleStart]: Running with arguments: [--userProperties, {}, --assetsDir, C:/Users/Philip/.gradle/caches/minecraft/assets, --assetIndex, 1.8, --accessToken{REDACTED}, --version, 1.8, --tweakClass, net.minecraftforge.fml.common.launcher.FMLTweaker]
[19:13:27] [main/INFO] [LaunchWrapper]: Loading tweak class name net.minecraftforge.fml.common.launcher.FMLTweaker
[19:13:27] [main/INFO] [LaunchWrapper]: Using primary tweak class name net.minecraftforge.fml.common.launcher.FMLTweaker
[19:13:27] [main/INFO] [LaunchWrapper]: Calling tweak class net.minecraftforge.fml.common.launcher.FMLTweaker
[19:17:09] [main/INFO] [GradleStart]: Extra: []
[19:17:09] [main/INFO] [GradleStart]: Running with arguments: [--userProperties, {}, --assetsDir, C:/Users/Philip/.gradle/caches/minecraft/assets, --assetIndex, 1.8, --accessToken{REDACTED}, --version, 1.8, --tweakClass, net.minecraftforge.fml.common.launcher.FMLTweaker]
[19:17:09] [main/INFO] [LaunchWrapper]: Loading tweak class name net.minecraftforge.fml.common.launcher.FMLTweaker
[19:17:09] [main/INFO] [LaunchWrapper]: Using primary tweak class name net.minecraftforge.fml.common.launcher.FMLTweaker
[19:17:09] [main/INFO] [LaunchWrapper]: Calling tweak class net.minecraftforge.fml.common.launcher.FMLTweaker
[19:26:12] [main/INFO] [GradleStart]: Extra: []
[19:26:12] [main/INFO] [GradleStart]: Running with arguments: [--userProperties, {}, --assetsDir, C:/Users/Philip/.gradle/caches/minecraft/assets, --assetIndex, 1.8, --accessToken{REDACTED}, --version, 1.8, --tweakClass, net.minecraftforge.fml.common.launcher.FMLTweaker]
[19:26:12] [main/INFO] [LaunchWrapper]: Loading tweak class name net.minecraftforge.fml.common.launcher.FMLTweaker
[19:26:12] [main/INFO] [LaunchWrapper]: Using primary tweak class name net.minecraftforge.fml.common.launcher.FMLTweaker
[19:26:12] [main/INFO] [LaunchWrapper]: Calling tweak class net.minecraftforge.fml.common.launcher.FMLTweaker
[20:05:08] [main/INFO] [GradleStart]: Extra: []
[20:05:08] [main/INFO] [GradleStart]: Running with arguments: [--userProperties, {}, --assetsDir, C:/Users/Philip/.gradle/caches/minecraft/assets, --assetIndex, 1.8, --accessToken{REDACTED}, --version, 1.8, --tweakClass, net.minecraftforge.fml.common.launcher.FMLTweaker]
[20:05:08] [main/INFO] [LaunchWrapper]: Loading tweak class name net.minecraftforge.fml.common.launcher.FMLTweaker
[20:05:08] [main/INFO] [LaunchWrapper]: Using primary tweak class name net.minecraftforge.fml.common.launcher.FMLTweaker
[20:05:08] [main/INFO] [LaunchWrapper]: Calling tweak class net.minecraftforge.fml.common.launcher.FMLTweaker
[02:15:37] [main/INFO] [GradleStart]: Extra: []
[02:15:37] [main/INFO] [GradleStart]: Running with arguments: [--tweakClass, net.minecraftforge.fml.common.launcher.FMLServerTweaker]
[02:15:37] [main/INFO] [LaunchWrapper]: Loading tweak class name net.minecraftforge.fml.common.launcher.FMLServerTweaker
[02:15:37] [main/INFO] [LaunchWrapper]: Using primary tweak class name net.minecraftforge.fml.common.launcher.FMLServerTweaker
[02:15:37] [main/INFO] [LaunchWrapper]: Calling tweak class net.minecraftforge.fml.common.launcher.FMLServerTweaker
