[19:10:42] [main/INFO] [GradleStart]: Extra: []
[19:10:42] [main/INFO] [GradleStart]: Running with arguments: [--userProperties, {}, --assetsDir, C:/Users/Philip/.gradle/caches/minecraft/assets, --assetIndex, 1.8, --accessToken, {REDACTED}, --version, 1.8, --tweakClass, net.minecraftforge.fml.common.launcher.FMLTweaker, --tweakClass, net.minecraftforge.gradle.tweakers.CoremodTweaker]
[19:10:42] [main/INFO] [LaunchWrapper]: Loading tweak class name net.minecraftforge.fml.common.launcher.FMLTweaker
[19:10:42] [main/INFO] [LaunchWrapper]: Using primary tweak class name net.minecraftforge.fml.common.launcher.FMLTweaker
[19:10:42] [main/INFO] [LaunchWrapper]: Loading tweak class name net.minecraftforge.gradle.tweakers.CoremodTweaker
[19:10:42] [main/INFO] [LaunchWrapper]: Calling tweak class net.minecraftforge.fml.common.launcher.FMLTweaker
[20:54:43] [main/INFO] [GradleStart]: username: Himself12794
[20:54:43] [main/INFO] [GradleStart]: Extra: []
[20:54:43] [main/INFO] [GradleStart]: Password found, attempting login
[20:54:44] [main/ERROR] [GradleStart]: -- Login failed!  Invalid credentials. Account migrated, use e-mail as username.
[20:55:11] [main/INFO] [GradleStart]: username: Himself12794
[20:55:11] [main/INFO] [GradleStart]: Extra: []
[20:55:11] [main/INFO] [GradleStart]: Password found, attempting login
[20:55:12] [main/ERROR] [GradleStart]: -- Login failed!  Invalid credentials. Account migrated, use e-mail as username.
[20:55:26] [main/INFO] [GradleStart]: username: Himself12794
[20:55:26] [main/INFO] [GradleStart]: Extra: []
[20:55:26] [main/INFO] [GradleStart]: Password found, attempting login
[20:55:27] [main/ERROR] [GradleStart]: -- Login failed!  Invalid credentials. Account migrated, use e-mail as username.
[20:57:41] [main/INFO] [GradleStart]: username: pwhiting.bba@gmail.com
[20:57:41] [main/INFO] [GradleStart]: Extra: []
[20:57:41] [main/INFO] [GradleStart]: Password found, attempting login
[20:57:46] [main/INFO] [GradleStart]: Login Succesful!
[20:57:46] [main/INFO] [GradleStart]: Running with arguments: [--userProperties, [{"name":"twitch_access_token","value":"sh2xz8z8t4hpt9zlb852r0wpw2t6e9c"}], --assetsDir, C:/Users/Philip/.gradle/caches/minecraft/assets, --assetIndex, 1.8, --userType, mojang, --accessToken, {REDACTED}, --version, 1.8, --uuid, bf9320f0420c44069e4b3f45b22b05fa, --username, Himself12794, --tweakClass, net.minecraftforge.fml.common.launcher.FMLTweaker, --tweakClass, net.minecraftforge.gradle.tweakers.CoremodTweaker]
[20:57:46] [main/INFO] [LaunchWrapper]: Loading tweak class name net.minecraftforge.fml.common.launcher.FMLTweaker
[20:57:46] [main/INFO] [LaunchWrapper]: Using primary tweak class name net.minecraftforge.fml.common.launcher.FMLTweaker
[20:57:46] [main/INFO] [LaunchWrapper]: Loading tweak class name net.minecraftforge.gradle.tweakers.CoremodTweaker
[20:57:46] [main/INFO] [LaunchWrapper]: Calling tweak class net.minecraftforge.fml.common.launcher.FMLTweaker
[21:35:10] [main/INFO] [GradleStart]: username: pwhiting.bba@gmail.com
[21:35:10] [main/INFO] [GradleStart]: Extra: []
[21:35:10] [main/INFO] [GradleStart]: Password found, attempting login
[21:35:11] [main/INFO] [GradleStart]: Login Succesful!
[21:35:11] [main/INFO] [GradleStart]: Running with arguments: [--userProperties, [{"name":"twitch_access_token","value":"sh2xz8z8t4hpt9zlb852r0wpw2t6e9c"}], --assetsDir, C:/Users/Philip/.gradle/caches/minecraft/assets, --assetIndex, 1.8, --userType, mojang, --accessToken, {REDACTED}, --version, 1.8, --uuid, bf9320f0420c44069e4b3f45b22b05fa, --username, Himself12794, --tweakClass, net.minecraftforge.fml.common.launcher.FMLTweaker, --tweakClass, net.minecraftforge.gradle.tweakers.CoremodTweaker]
[21:35:11] [main/INFO] [LaunchWrapper]: Loading tweak class name net.minecraftforge.fml.common.launcher.FMLTweaker
[21:35:11] [main/INFO] [LaunchWrapper]: Using primary tweak class name net.minecraftforge.fml.common.launcher.FMLTweaker
[21:35:11] [main/INFO] [LaunchWrapper]: Loading tweak class name net.minecraftforge.gradle.tweakers.CoremodTweaker
[21:35:11] [main/INFO] [LaunchWrapper]: Calling tweak class net.minecraftforge.fml.common.launcher.FMLTweaker
[21:37:16] [main/INFO] [GradleStart]: username: pwhiting.bba@gmail.com
[21:37:16] [main/INFO] [GradleStart]: Extra: []
[21:37:16] [main/INFO] [GradleStart]: Password found, attempting login
[21:37:17] [main/INFO] [GradleStart]: Login Succesful!
[21:37:17] [main/INFO] [GradleStart]: Running with arguments: [--userProperties, [{"name":"twitch_access_token","value":"sh2xz8z8t4hpt9zlb852r0wpw2t6e9c"}], --assetsDir, C:/Users/Philip/.gradle/caches/minecraft/assets, --assetIndex, 1.8, --userType, mojang, --accessToken, {REDACTED}, --version, 1.8, --uuid, bf9320f0420c44069e4b3f45b22b05fa, --username, Himself12794, --tweakClass, net.minecraftforge.fml.common.launcher.FMLTweaker, --tweakClass, net.minecraftforge.gradle.tweakers.CoremodTweaker]
[21:37:17] [main/INFO] [LaunchWrapper]: Loading tweak class name net.minecraftforge.fml.common.launcher.FMLTweaker
[21:37:17] [main/INFO] [LaunchWrapper]: Using primary tweak class name net.minecraftforge.fml.common.launcher.FMLTweaker
[21:37:17] [main/INFO] [LaunchWrapper]: Loading tweak class name net.minecraftforge.gradle.tweakers.CoremodTweaker
[21:37:17] [main/INFO] [LaunchWrapper]: Calling tweak class net.minecraftforge.fml.common.launcher.FMLTweaker
[22:12:45] [main/INFO] [GradleStart]: username: pwhiting.bba@gmail.com
[22:12:45] [main/INFO] [GradleStart]: Extra: []
[22:12:45] [main/INFO] [GradleStart]: Password found, attempting login
[22:12:46] [main/INFO] [GradleStart]: Login Succesful!
[22:12:46] [main/INFO] [GradleStart]: Running with arguments: [--userProperties, [{"name":"twitch_access_token","value":"sh2xz8z8t4hpt9zlb852r0wpw2t6e9c"}], --assetsDir, C:/Users/Philip/.gradle/caches/minecraft/assets, --assetIndex, 1.8, --userType, mojang, --accessToken, {REDACTED}, --version, 1.8, --uuid, bf9320f0420c44069e4b3f45b22b05fa, --username, Himself12794, --tweakClass, net.minecraftforge.fml.common.launcher.FMLTweaker, --tweakClass, net.minecraftforge.gradle.tweakers.CoremodTweaker]
[22:12:46] [main/INFO] [LaunchWrapper]: Loading tweak class name net.minecraftforge.fml.common.launcher.FMLTweaker
[22:12:46] [main/INFO] [LaunchWrapper]: Using primary tweak class name net.minecraftforge.fml.common.launcher.FMLTweaker
[22:12:46] [main/INFO] [LaunchWrapper]: Loading tweak class name net.minecraftforge.gradle.tweakers.CoremodTweaker
[22:12:46] [main/INFO] [LaunchWrapper]: Calling tweak class net.minecraftforge.fml.common.launcher.FMLTweaker
[22:23:15] [main/INFO] [GradleStart]: username: pwhiting.bba@gmail.com
[22:23:15] [main/INFO] [GradleStart]: Extra: []
[22:23:15] [main/INFO] [GradleStart]: Password found, attempting login
[22:23:16] [main/INFO] [GradleStart]: Login Succesful!
[22:23:16] [main/INFO] [GradleStart]: Running with arguments: [--userProperties, [{"name":"twitch_access_token","value":"sh2xz8z8t4hpt9zlb852r0wpw2t6e9c"}], --assetsDir, C:/Users/Philip/.gradle/caches/minecraft/assets, --assetIndex, 1.8, --userType, mojang, --accessToken, {REDACTED}, --version, 1.8, --uuid, bf9320f0420c44069e4b3f45b22b05fa, --username, Himself12794, --tweakClass, net.minecraftforge.fml.common.launcher.FMLTweaker, --tweakClass, net.minecraftforge.gradle.tweakers.CoremodTweaker]
[22:23:16] [main/INFO] [LaunchWrapper]: Loading tweak class name net.minecraftforge.fml.common.launcher.FMLTweaker
[22:23:16] [main/INFO] [LaunchWrapper]: Using primary tweak class name net.minecraftforge.fml.common.launcher.FMLTweaker
[22:23:16] [main/INFO] [LaunchWrapper]: Loading tweak class name net.minecraftforge.gradle.tweakers.CoremodTweaker
[22:23:16] [main/INFO] [LaunchWrapper]: Calling tweak class net.minecraftforge.fml.common.launcher.FMLTweaker
[23:28:07] [main/INFO] [GradleStart]: username: pwhiting.bba@gmail.com
[23:28:07] [main/INFO] [GradleStart]: Extra: []
[23:28:07] [main/INFO] [GradleStart]: Password found, attempting login
[23:28:07] [main/INFO] [GradleStart]: Login Succesful!
[23:28:08] [main/INFO] [GradleStart]: Running with arguments: [--userProperties, [{"name":"twitch_access_token","value":"sh2xz8z8t4hpt9zlb852r0wpw2t6e9c"}], --assetsDir, C:/Users/Philip/.gradle/caches/minecraft/assets, --assetIndex, 1.8, --userType, mojang, --accessToken, {REDACTED}, --version, 1.8, --uuid, bf9320f0420c44069e4b3f45b22b05fa, --username, Himself12794, --tweakClass, net.minecraftforge.fml.common.launcher.FMLTweaker, --tweakClass, net.minecraftforge.gradle.tweakers.CoremodTweaker]
[23:28:08] [main/INFO] [LaunchWrapper]: Loading tweak class name net.minecraftforge.fml.common.launcher.FMLTweaker
[23:28:08] [main/INFO] [LaunchWrapper]: Using primary tweak class name net.minecraftforge.fml.common.launcher.FMLTweaker
[23:28:08] [main/INFO] [LaunchWrapper]: Loading tweak class name net.minecraftforge.gradle.tweakers.CoremodTweaker
[23:28:08] [main/INFO] [LaunchWrapper]: Calling tweak class net.minecraftforge.fml.common.launcher.FMLTweaker
[23:29:43] [main/INFO] [GradleStart]: username: pwhiting.bba@gmail.com
[23:29:43] [main/INFO] [GradleStart]: Extra: []
[23:29:43] [main/INFO] [GradleStart]: Password found, attempting login
[23:29:44] [main/INFO] [GradleStart]: Login Succesful!
[23:29:44] [main/INFO] [GradleStart]: Running with arguments: [--userProperties, [{"name":"twitch_access_token","value":"sh2xz8z8t4hpt9zlb852r0wpw2t6e9c"}], --assetsDir, C:/Users/Philip/.gradle/caches/minecraft/assets, --assetIndex, 1.8, --userType, mojang, --accessToken, {REDACTED}, --version, 1.8, --uuid, bf9320f0420c44069e4b3f45b22b05fa, --username, Himself12794, --tweakClass, net.minecraftforge.fml.common.launcher.FMLTweaker, --tweakClass, net.minecraftforge.gradle.tweakers.CoremodTweaker]
[23:29:44] [main/INFO] [LaunchWrapper]: Loading tweak class name net.minecraftforge.fml.common.launcher.FMLTweaker
[23:29:44] [main/INFO] [LaunchWrapper]: Using primary tweak class name net.minecraftforge.fml.common.launcher.FMLTweaker
[23:29:44] [main/INFO] [LaunchWrapper]: Loading tweak class name net.minecraftforge.gradle.tweakers.CoremodTweaker
[23:29:44] [main/INFO] [LaunchWrapper]: Calling tweak class net.minecraftforge.fml.common.launcher.FMLTweaker
[23:32:34] [main/INFO] [GradleStart]: username: pwhiting.bba@gmail.com
[23:32:34] [main/INFO] [GradleStart]: Extra: []
[23:32:34] [main/INFO] [GradleStart]: Password found, attempting login
[23:32:35] [main/INFO] [GradleStart]: Login Succesful!
[23:32:36] [main/INFO] [GradleStart]: Running with arguments: [--userProperties, [{"name":"twitch_access_token","value":"sh2xz8z8t4hpt9zlb852r0wpw2t6e9c"}], --assetsDir, C:/Users/Philip/.gradle/caches/minecraft/assets, --assetIndex, 1.8, --userType, mojang, --accessToken, {REDACTED}, --version, 1.8, --uuid, bf9320f0420c44069e4b3f45b22b05fa, --username, Himself12794, --tweakClass, net.minecraftforge.fml.common.launcher.FMLTweaker, --tweakClass, net.minecraftforge.gradle.tweakers.CoremodTweaker]
[23:32:36] [main/INFO] [LaunchWrapper]: Loading tweak class name net.minecraftforge.fml.common.launcher.FMLTweaker
[23:32:36] [main/INFO] [LaunchWrapper]: Using primary tweak class name net.minecraftforge.fml.common.launcher.FMLTweaker
[23:32:36] [main/INFO] [LaunchWrapper]: Loading tweak class name net.minecraftforge.gradle.tweakers.CoremodTweaker
[23:32:36] [main/INFO] [LaunchWrapper]: Calling tweak class net.minecraftforge.fml.common.launcher.FMLTweaker
[23:43:50] [main/INFO] [GradleStart]: username: pwhiting.bba@gmail.com
[23:43:50] [main/INFO] [GradleStart]: Extra: []
[23:43:50] [main/INFO] [GradleStart]: Password found, attempting login
[23:43:51] [main/INFO] [GradleStart]: Login Succesful!
[23:43:51] [main/INFO] [GradleStart]: Running with arguments: [--userProperties, [{"name":"twitch_access_token","value":"sh2xz8z8t4hpt9zlb852r0wpw2t6e9c"}], --assetsDir, C:/Users/Philip/.gradle/caches/minecraft/assets, --assetIndex, 1.8, --userType, mojang, --accessToken, {REDACTED}, --version, 1.8, --uuid, bf9320f0420c44069e4b3f45b22b05fa, --username, Himself12794, --tweakClass, net.minecraftforge.fml.common.launcher.FMLTweaker, --tweakClass, net.minecraftforge.gradle.tweakers.CoremodTweaker]
[23:43:51] [main/INFO] [LaunchWrapper]: Loading tweak class name net.minecraftforge.fml.common.launcher.FMLTweaker
[23:43:51] [main/INFO] [LaunchWrapper]: Using primary tweak class name net.minecraftforge.fml.common.launcher.FMLTweaker
[23:43:51] [main/INFO] [LaunchWrapper]: Loading tweak class name net.minecraftforge.gradle.tweakers.CoremodTweaker
[23:43:51] [main/INFO] [LaunchWrapper]: Calling tweak class net.minecraftforge.fml.common.launcher.FMLTweaker
[00:02:00] [main/INFO] [GradleStart]: username: pwhiting.bba@gmail.com
[00:02:00] [main/INFO] [GradleStart]: Extra: []
[00:02:00] [main/INFO] [GradleStart]: Password found, attempting login
[00:02:01] [main/INFO] [GradleStart]: Login Succesful!
[00:02:01] [main/INFO] [GradleStart]: Running with arguments: [--userProperties, [{"name":"twitch_access_token","value":"sh2xz8z8t4hpt9zlb852r0wpw2t6e9c"}], --assetsDir, C:/Users/Philip/.gradle/caches/minecraft/assets, --assetIndex, 1.8, --userType, mojang, --accessToken, {REDACTED}, --version, 1.8, --uuid, bf9320f0420c44069e4b3f45b22b05fa, --username, Himself12794, --tweakClass, net.minecraftforge.fml.common.launcher.FMLTweaker, --tweakClass, net.minecraftforge.gradle.tweakers.CoremodTweaker]
[00:02:01] [main/INFO] [LaunchWrapper]: Loading tweak class name net.minecraftforge.fml.common.launcher.FMLTweaker
[00:02:01] [main/INFO] [LaunchWrapper]: Using primary tweak class name net.minecraftforge.fml.common.launcher.FMLTweaker
[00:02:01] [main/INFO] [LaunchWrapper]: Loading tweak class name net.minecraftforge.gradle.tweakers.CoremodTweaker
[00:02:01] [main/INFO] [LaunchWrapper]: Calling tweak class net.minecraftforge.fml.common.launcher.FMLTweaker
[00:07:32] [main/INFO] [GradleStart]: username: pwhiting.bba@gmail.com
[00:07:32] [main/INFO] [GradleStart]: Extra: []
[00:07:32] [main/INFO] [GradleStart]: Password found, attempting login
[00:07:33] [main/INFO] [GradleStart]: Login Succesful!
[00:07:33] [main/INFO] [GradleStart]: Running with arguments: [--userProperties, [{"name":"twitch_access_token","value":"sh2xz8z8t4hpt9zlb852r0wpw2t6e9c"}], --assetsDir, C:/Users/Philip/.gradle/caches/minecraft/assets, --assetIndex, 1.8, --userType, mojang, --accessToken, {REDACTED}, --version, 1.8, --uuid, bf9320f0420c44069e4b3f45b22b05fa, --username, Himself12794, --tweakClass, net.minecraftforge.fml.common.launcher.FMLTweaker, --tweakClass, net.minecraftforge.gradle.tweakers.CoremodTweaker]
[00:07:33] [main/INFO] [LaunchWrapper]: Loading tweak class name net.minecraftforge.fml.common.launcher.FMLTweaker
[00:07:33] [main/INFO] [LaunchWrapper]: Using primary tweak class name net.minecraftforge.fml.common.launcher.FMLTweaker
[00:07:33] [main/INFO] [LaunchWrapper]: Loading tweak class name net.minecraftforge.gradle.tweakers.CoremodTweaker
[00:07:33] [main/INFO] [LaunchWrapper]: Calling tweak class net.minecraftforge.fml.common.launcher.FMLTweaker
[00:54:38] [main/INFO] [GradleStart]: username: pwhiting.bba@gmail.com
[00:54:38] [main/INFO] [GradleStart]: Extra: []
[00:54:38] [main/INFO] [GradleStart]: Password found, attempting login
[00:54:40] [main/INFO] [GradleStart]: Login Succesful!
[00:54:40] [main/INFO] [GradleStart]: Running with arguments: [--userProperties, [{"name":"twitch_access_token","value":"sh2xz8z8t4hpt9zlb852r0wpw2t6e9c"}], --assetsDir, C:/Users/Philip/.gradle/caches/minecraft/assets, --assetIndex, 1.8, --userType, mojang, --accessToken, {REDACTED}, --version, 1.8, --uuid, bf9320f0420c44069e4b3f45b22b05fa, --username, Himself12794, --tweakClass, net.minecraftforge.fml.common.launcher.FMLTweaker, --tweakClass, net.minecraftforge.gradle.tweakers.CoremodTweaker]
[00:54:40] [main/INFO] [LaunchWrapper]: Loading tweak class name net.minecraftforge.fml.common.launcher.FMLTweaker
[00:54:40] [main/INFO] [LaunchWrapper]: Using primary tweak class name net.minecraftforge.fml.common.launcher.FMLTweaker
[00:54:40] [main/INFO] [LaunchWrapper]: Loading tweak class name net.minecraftforge.gradle.tweakers.CoremodTweaker
[00:54:40] [main/INFO] [LaunchWrapper]: Calling tweak class net.minecraftforge.fml.common.launcher.FMLTweaker
[18:10:04] [main/INFO] [GradleStart]: username: pwhiting.bba@gmail.com
[18:10:04] [main/INFO] [GradleStart]: Extra: []
[18:10:04] [main/INFO] [GradleStart]: Password found, attempting login
[18:10:05] [main/INFO] [GradleStart]: Login Succesful!
[18:10:05] [main/INFO] [GradleStart]: Running with arguments: [--userProperties, [{"name":"twitch_access_token","value":"sh2xz8z8t4hpt9zlb852r0wpw2t6e9c"}], --assetsDir, C:/Users/Philip/.gradle/caches/minecraft/assets, --assetIndex, 1.8, --userType, mojang, --accessToken, {REDACTED}, --version, 1.8, --uuid, bf9320f0420c44069e4b3f45b22b05fa, --username, Himself12794, --tweakClass, net.minecraftforge.fml.common.launcher.FMLTweaker, --tweakClass, net.minecraftforge.gradle.tweakers.CoremodTweaker]
[18:10:05] [main/INFO] [LaunchWrapper]: Loading tweak class name net.minecraftforge.fml.common.launcher.FMLTweaker
[18:10:05] [main/INFO] [LaunchWrapper]: Using primary tweak class name net.minecraftforge.fml.common.launcher.FMLTweaker
[18:10:05] [main/INFO] [LaunchWrapper]: Loading tweak class name net.minecraftforge.gradle.tweakers.CoremodTweaker
[18:10:05] [main/INFO] [LaunchWrapper]: Calling tweak class net.minecraftforge.fml.common.launcher.FMLTweaker
[18:13:54] [main/INFO] [GradleStart]: username: pwhiting.bba@gmail.com
[18:13:54] [main/INFO] [GradleStart]: Extra: []
[18:13:54] [main/INFO] [GradleStart]: Password found, attempting login
[18:13:54] [main/INFO] [GradleStart]: Login Succesful!
[18:13:54] [main/INFO] [GradleStart]: Running with arguments: [--userProperties, [{"name":"twitch_access_token","value":"sh2xz8z8t4hpt9zlb852r0wpw2t6e9c"}], --assetsDir, C:/Users/Philip/.gradle/caches/minecraft/assets, --assetIndex, 1.8, --userType, mojang, --accessToken, {REDACTED}, --version, 1.8, --uuid, bf9320f0420c44069e4b3f45b22b05fa, --username, Himself12794, --tweakClass, net.minecraftforge.fml.common.launcher.FMLTweaker, --tweakClass, net.minecraftforge.gradle.tweakers.CoremodTweaker]
[18:13:54] [main/INFO] [LaunchWrapper]: Loading tweak class name net.minecraftforge.fml.common.launcher.FMLTweaker
[18:13:54] [main/INFO] [LaunchWrapper]: Using primary tweak class name net.minecraftforge.fml.common.launcher.FMLTweaker
[18:13:54] [main/INFO] [LaunchWrapper]: Loading tweak class name net.minecraftforge.gradle.tweakers.CoremodTweaker
[18:13:54] [main/INFO] [LaunchWrapper]: Calling tweak class net.minecraftforge.fml.common.launcher.FMLTweaker
[18:16:30] [main/INFO] [GradleStart]: username: pwhiting.bba@gmail.com
[18:16:30] [main/INFO] [GradleStart]: Extra: []
[18:16:30] [main/INFO] [GradleStart]: Password found, attempting login
[18:16:31] [main/INFO] [GradleStart]: Login Succesful!
[18:16:31] [main/INFO] [GradleStart]: Running with arguments: [--userProperties, [{"name":"twitch_access_token","value":"sh2xz8z8t4hpt9zlb852r0wpw2t6e9c"}], --assetsDir, C:/Users/Philip/.gradle/caches/minecraft/assets, --assetIndex, 1.8, --userType, mojang, --accessToken, {REDACTED}, --version, 1.8, --uuid, bf9320f0420c44069e4b3f45b22b05fa, --username, Himself12794, --tweakClass, net.minecraftforge.fml.common.launcher.FMLTweaker, --tweakClass, net.minecraftforge.gradle.tweakers.CoremodTweaker]
[18:16:31] [main/INFO] [LaunchWrapper]: Loading tweak class name net.minecraftforge.fml.common.launcher.FMLTweaker
[18:16:31] [main/INFO] [LaunchWrapper]: Using primary tweak class name net.minecraftforge.fml.common.launcher.FMLTweaker
[18:16:31] [main/INFO] [LaunchWrapper]: Loading tweak class name net.minecraftforge.gradle.tweakers.CoremodTweaker
[18:16:31] [main/INFO] [LaunchWrapper]: Calling tweak class net.minecraftforge.fml.common.launcher.FMLTweaker
[18:17:54] [main/INFO] [GradleStart]: username: pwhiting.bba@gmail.com
[18:17:54] [main/INFO] [GradleStart]: Extra: []
[18:17:54] [main/INFO] [GradleStart]: Password found, attempting login
[18:17:55] [main/INFO] [GradleStart]: Login Succesful!
[18:17:55] [main/INFO] [GradleStart]: Running with arguments: [--userProperties, [{"name":"twitch_access_token","value":"sh2xz8z8t4hpt9zlb852r0wpw2t6e9c"}], --assetsDir, C:/Users/Philip/.gradle/caches/minecraft/assets, --assetIndex, 1.8, --userType, mojang, --accessToken, {REDACTED}, --version, 1.8, --uuid, bf9320f0420c44069e4b3f45b22b05fa, --username, Himself12794, --tweakClass, net.minecraftforge.fml.common.launcher.FMLTweaker, --tweakClass, net.minecraftforge.gradle.tweakers.CoremodTweaker]
[18:17:55] [main/INFO] [LaunchWrapper]: Loading tweak class name net.minecraftforge.fml.common.launcher.FMLTweaker
[18:17:55] [main/INFO] [LaunchWrapper]: Using primary tweak class name net.minecraftforge.fml.common.launcher.FMLTweaker
[18:17:55] [main/INFO] [LaunchWrapper]: Loading tweak class name net.minecraftforge.gradle.tweakers.CoremodTweaker
[18:17:55] [main/INFO] [LaunchWrapper]: Calling tweak class net.minecraftforge.fml.common.launcher.FMLTweaker
[18:22:56] [main/INFO] [GradleStart]: username: pwhiting.bba@gmail.com
[18:22:56] [main/INFO] [GradleStart]: Extra: []
[18:22:56] [main/INFO] [GradleStart]: Password found, attempting login
[18:22:57] [main/INFO] [GradleStart]: Login Succesful!
[18:22:57] [main/INFO] [GradleStart]: Running with arguments: [--userProperties, [{"name":"twitch_access_token","value":"sh2xz8z8t4hpt9zlb852r0wpw2t6e9c"}], --assetsDir, C:/Users/Philip/.gradle/caches/minecraft/assets, --assetIndex, 1.8, --userType, mojang, --accessToken, {REDACTED}, --version, 1.8, --uuid, bf9320f0420c44069e4b3f45b22b05fa, --username, Himself12794, --tweakClass, net.minecraftforge.fml.common.launcher.FMLTweaker, --tweakClass, net.minecraftforge.gradle.tweakers.CoremodTweaker]
[18:22:57] [main/INFO] [LaunchWrapper]: Loading tweak class name net.minecraftforge.fml.common.launcher.FMLTweaker
[18:22:57] [main/INFO] [LaunchWrapper]: Using primary tweak class name net.minecraftforge.fml.common.launcher.FMLTweaker
[18:22:57] [main/INFO] [LaunchWrapper]: Loading tweak class name net.minecraftforge.gradle.tweakers.CoremodTweaker
[18:22:57] [main/INFO] [LaunchWrapper]: Calling tweak class net.minecraftforge.fml.common.launcher.FMLTweaker
[18:24:04] [main/INFO] [GradleStart]: username: pwhiting.bba@gmail.com
[18:24:04] [main/INFO] [GradleStart]: Extra: []
[18:24:04] [main/INFO] [GradleStart]: Password found, attempting login
[18:24:05] [main/INFO] [GradleStart]: Login Succesful!
[18:24:05] [main/INFO] [GradleStart]: Running with arguments: [--userProperties, [{"name":"twitch_access_token","value":"sh2xz8z8t4hpt9zlb852r0wpw2t6e9c"}], --assetsDir, C:/Users/Philip/.gradle/caches/minecraft/assets, --assetIndex, 1.8, --userType, mojang, --accessToken, {REDACTED}, --version, 1.8, --uuid, bf9320f0420c44069e4b3f45b22b05fa, --username, Himself12794, --tweakClass, net.minecraftforge.fml.common.launcher.FMLTweaker, --tweakClass, net.minecraftforge.gradle.tweakers.CoremodTweaker]
[18:24:05] [main/INFO] [LaunchWrapper]: Loading tweak class name net.minecraftforge.fml.common.launcher.FMLTweaker
[18:24:05] [main/INFO] [LaunchWrapper]: Using primary tweak class name net.minecraftforge.fml.common.launcher.FMLTweaker
[18:24:05] [main/INFO] [LaunchWrapper]: Loading tweak class name net.minecraftforge.gradle.tweakers.CoremodTweaker
[18:24:05] [main/INFO] [LaunchWrapper]: Calling tweak class net.minecraftforge.fml.common.launcher.FMLTweaker
[18:28:22] [main/INFO] [GradleStart]: username: pwhiting.bba@gmail.com
[18:28:22] [main/INFO] [GradleStart]: Extra: []
[18:28:22] [main/INFO] [GradleStart]: Password found, attempting login
[18:28:23] [main/INFO] [GradleStart]: Login Succesful!
[18:28:23] [main/INFO] [GradleStart]: Running with arguments: [--userProperties, [{"name":"twitch_access_token","value":"sh2xz8z8t4hpt9zlb852r0wpw2t6e9c"}], --assetsDir, C:/Users/Philip/.gradle/caches/minecraft/assets, --assetIndex, 1.8, --userType, mojang, --accessToken, {REDACTED}, --version, 1.8, --uuid, bf9320f0420c44069e4b3f45b22b05fa, --username, Himself12794, --tweakClass, net.minecraftforge.fml.common.launcher.FMLTweaker, --tweakClass, net.minecraftforge.gradle.tweakers.CoremodTweaker]
[18:28:23] [main/INFO] [LaunchWrapper]: Loading tweak class name net.minecraftforge.fml.common.launcher.FMLTweaker
[18:28:23] [main/INFO] [LaunchWrapper]: Using primary tweak class name net.minecraftforge.fml.common.launcher.FMLTweaker
[18:28:23] [main/INFO] [LaunchWrapper]: Loading tweak class name net.minecraftforge.gradle.tweakers.CoremodTweaker
[18:28:23] [main/INFO] [LaunchWrapper]: Calling tweak class net.minecraftforge.fml.common.launcher.FMLTweaker
[18:30:10] [main/INFO] [GradleStart]: username: pwhiting.bba@gmail.com
[18:30:10] [main/INFO] [GradleStart]: Extra: []
[18:30:10] [main/INFO] [GradleStart]: Password found, attempting login
[18:30:11] [main/INFO] [GradleStart]: Login Succesful!
[18:30:11] [main/INFO] [GradleStart]: Running with arguments: [--userProperties, [{"name":"twitch_access_token","value":"sh2xz8z8t4hpt9zlb852r0wpw2t6e9c"}], --assetsDir, C:/Users/Philip/.gradle/caches/minecraft/assets, --assetIndex, 1.8, --userType, mojang, --accessToken, {REDACTED}, --version, 1.8, --uuid, bf9320f0420c44069e4b3f45b22b05fa, --username, Himself12794, --tweakClass, net.minecraftforge.fml.common.launcher.FMLTweaker, --tweakClass, net.minecraftforge.gradle.tweakers.CoremodTweaker]
[18:30:11] [main/INFO] [LaunchWrapper]: Loading tweak class name net.minecraftforge.fml.common.launcher.FMLTweaker
[18:30:11] [main/INFO] [LaunchWrapper]: Using primary tweak class name net.minecraftforge.fml.common.launcher.FMLTweaker
[18:30:11] [main/INFO] [LaunchWrapper]: Loading tweak class name net.minecraftforge.gradle.tweakers.CoremodTweaker
[18:30:11] [main/INFO] [LaunchWrapper]: Calling tweak class net.minecraftforge.fml.common.launcher.FMLTweaker
[18:31:54] [main/INFO] [GradleStart]: username: pwhiting.bba@gmail.com
[18:31:54] [main/INFO] [GradleStart]: Extra: []
[18:31:54] [main/INFO] [GradleStart]: Password found, attempting login
[18:31:55] [main/INFO] [GradleStart]: Login Succesful!
[18:31:55] [main/INFO] [GradleStart]: Running with arguments: [--userProperties, [{"name":"twitch_access_token","value":"sh2xz8z8t4hpt9zlb852r0wpw2t6e9c"}], --assetsDir, C:/Users/Philip/.gradle/caches/minecraft/assets, --assetIndex, 1.8, --userType, mojang, --accessToken, {REDACTED}, --version, 1.8, --uuid, bf9320f0420c44069e4b3f45b22b05fa, --username, Himself12794, --tweakClass, net.minecraftforge.fml.common.launcher.FMLTweaker, --tweakClass, net.minecraftforge.gradle.tweakers.CoremodTweaker]
[18:31:55] [main/INFO] [LaunchWrapper]: Loading tweak class name net.minecraftforge.fml.common.launcher.FMLTweaker
[18:31:55] [main/INFO] [LaunchWrapper]: Using primary tweak class name net.minecraftforge.fml.common.launcher.FMLTweaker
[18:31:55] [main/INFO] [LaunchWrapper]: Loading tweak class name net.minecraftforge.gradle.tweakers.CoremodTweaker
[18:31:55] [main/INFO] [LaunchWrapper]: Calling tweak class net.minecraftforge.fml.common.launcher.FMLTweaker
[18:35:06] [main/INFO] [GradleStart]: username: pwhiting.bba@gmail.com
[18:35:06] [main/INFO] [GradleStart]: Extra: []
[18:35:06] [main/INFO] [GradleStart]: Password found, attempting login
[18:35:07] [main/INFO] [GradleStart]: Login Succesful!
[18:35:07] [main/INFO] [GradleStart]: Running with arguments: [--userProperties, [{"name":"twitch_access_token","value":"sh2xz8z8t4hpt9zlb852r0wpw2t6e9c"}], --assetsDir, C:/Users/Philip/.gradle/caches/minecraft/assets, --assetIndex, 1.8, --userType, mojang, --accessToken, {REDACTED}, --version, 1.8, --uuid, bf9320f0420c44069e4b3f45b22b05fa, --username, Himself12794, --tweakClass, net.minecraftforge.fml.common.launcher.FMLTweaker, --tweakClass, net.minecraftforge.gradle.tweakers.CoremodTweaker]
[18:35:07] [main/INFO] [LaunchWrapper]: Loading tweak class name net.minecraftforge.fml.common.launcher.FMLTweaker
[18:35:07] [main/INFO] [LaunchWrapper]: Using primary tweak class name net.minecraftforge.fml.common.launcher.FMLTweaker
[18:35:07] [main/INFO] [LaunchWrapper]: Loading tweak class name net.minecraftforge.gradle.tweakers.CoremodTweaker
[18:35:07] [main/INFO] [LaunchWrapper]: Calling tweak class net.minecraftforge.fml.common.launcher.FMLTweaker
[18:36:36] [main/INFO] [GradleStart]: username: pwhiting.bba@gmail.com
[18:36:36] [main/INFO] [GradleStart]: Extra: []
[18:36:36] [main/INFO] [GradleStart]: Password found, attempting login
[18:36:36] [main/INFO] [GradleStart]: Login Succesful!
[18:36:36] [main/INFO] [GradleStart]: Running with arguments: [--userProperties, [{"name":"twitch_access_token","value":"sh2xz8z8t4hpt9zlb852r0wpw2t6e9c"}], --assetsDir, C:/Users/Philip/.gradle/caches/minecraft/assets, --assetIndex, 1.8, --userType, mojang, --accessToken, {REDACTED}, --version, 1.8, --uuid, bf9320f0420c44069e4b3f45b22b05fa, --username, Himself12794, --tweakClass, net.minecraftforge.fml.common.launcher.FMLTweaker, --tweakClass, net.minecraftforge.gradle.tweakers.CoremodTweaker]
[18:36:36] [main/INFO] [LaunchWrapper]: Loading tweak class name net.minecraftforge.fml.common.launcher.FMLTweaker
[18:36:36] [main/INFO] [LaunchWrapper]: Using primary tweak class name net.minecraftforge.fml.common.launcher.FMLTweaker
[18:36:36] [main/INFO] [LaunchWrapper]: Loading tweak class name net.minecraftforge.gradle.tweakers.CoremodTweaker
[18:36:36] [main/INFO] [LaunchWrapper]: Calling tweak class net.minecraftforge.fml.common.launcher.FMLTweaker
[18:38:45] [main/INFO] [GradleStart]: username: pwhiting.bba@gmail.com
[18:38:45] [main/INFO] [GradleStart]: Extra: []
[18:38:45] [main/INFO] [GradleStart]: Password found, attempting login
[18:38:46] [main/INFO] [GradleStart]: Login Succesful!
[18:38:46] [main/INFO] [GradleStart]: Running with arguments: [--userProperties, [{"name":"twitch_access_token","value":"sh2xz8z8t4hpt9zlb852r0wpw2t6e9c"}], --assetsDir, C:/Users/Philip/.gradle/caches/minecraft/assets, --assetIndex, 1.8, --userType, mojang, --accessToken, {REDACTED}, --version, 1.8, --uuid, bf9320f0420c44069e4b3f45b22b05fa, --username, Himself12794, --tweakClass, net.minecraftforge.fml.common.launcher.FMLTweaker, --tweakClass, net.minecraftforge.gradle.tweakers.CoremodTweaker]
[18:38:46] [main/INFO] [LaunchWrapper]: Loading tweak class name net.minecraftforge.fml.common.launcher.FMLTweaker
[18:38:46] [main/INFO] [LaunchWrapper]: Using primary tweak class name net.minecraftforge.fml.common.launcher.FMLTweaker
[18:38:46] [main/INFO] [LaunchWrapper]: Loading tweak class name net.minecraftforge.gradle.tweakers.CoremodTweaker
[18:38:46] [main/INFO] [LaunchWrapper]: Calling tweak class net.minecraftforge.fml.common.launcher.FMLTweaker
[18:54:13] [main/INFO] [GradleStart]: username: pwhiting.bba@gmail.com
[18:54:13] [main/INFO] [GradleStart]: Extra: []
[18:54:13] [main/INFO] [GradleStart]: Password found, attempting login
[18:54:14] [main/INFO] [GradleStart]: Login Succesful!
[18:54:14] [main/INFO] [GradleStart]: Running with arguments: [--userProperties, [{"name":"twitch_access_token","value":"sh2xz8z8t4hpt9zlb852r0wpw2t6e9c"}], --assetsDir, C:/Users/Philip/.gradle/caches/minecraft/assets, --assetIndex, 1.8, --userType, mojang, --accessToken, {REDACTED}, --version, 1.8, --uuid, bf9320f0420c44069e4b3f45b22b05fa, --username, Himself12794, --tweakClass, net.minecraftforge.fml.common.launcher.FMLTweaker, --tweakClass, net.minecraftforge.gradle.tweakers.CoremodTweaker]
[18:54:14] [main/INFO] [LaunchWrapper]: Loading tweak class name net.minecraftforge.fml.common.launcher.FMLTweaker
[18:54:14] [main/INFO] [LaunchWrapper]: Using primary tweak class name net.minecraftforge.fml.common.launcher.FMLTweaker
[18:54:14] [main/INFO] [LaunchWrapper]: Loading tweak class name net.minecraftforge.gradle.tweakers.CoremodTweaker
[18:54:14] [main/INFO] [LaunchWrapper]: Calling tweak class net.minecraftforge.fml.common.launcher.FMLTweaker
[19:32:31] [main/INFO] [GradleStart]: username: pwhiting.bba@gmail.com
[19:32:31] [main/INFO] [GradleStart]: Extra: []
[19:32:31] [main/INFO] [GradleStart]: Password found, attempting login
[19:32:32] [main/INFO] [GradleStart]: Login Succesful!
[19:32:32] [main/INFO] [GradleStart]: Running with arguments: [--userProperties, [{"name":"twitch_access_token","value":"sh2xz8z8t4hpt9zlb852r0wpw2t6e9c"}], --assetsDir, C:/Users/Philip/.gradle/caches/minecraft/assets, --assetIndex, 1.8, --userType, mojang, --accessToken, {REDACTED}, --version, 1.8, --uuid, bf9320f0420c44069e4b3f45b22b05fa, --username, Himself12794, --tweakClass, net.minecraftforge.fml.common.launcher.FMLTweaker, --tweakClass, net.minecraftforge.gradle.tweakers.CoremodTweaker]
[19:32:32] [main/INFO] [LaunchWrapper]: Loading tweak class name net.minecraftforge.fml.common.launcher.FMLTweaker
[19:32:32] [main/INFO] [LaunchWrapper]: Using primary tweak class name net.minecraftforge.fml.common.launcher.FMLTweaker
[19:32:32] [main/INFO] [LaunchWrapper]: Loading tweak class name net.minecraftforge.gradle.tweakers.CoremodTweaker
[19:32:32] [main/INFO] [LaunchWrapper]: Calling tweak class net.minecraftforge.fml.common.launcher.FMLTweaker
[19:40:32] [main/INFO] [GradleStart]: username: pwhiting.bba@gmail.com
[19:40:32] [main/INFO] [GradleStart]: Extra: []
[19:40:32] [main/INFO] [GradleStart]: Password found, attempting login
[19:40:33] [main/INFO] [GradleStart]: Login Succesful!
[19:40:33] [main/INFO] [GradleStart]: Running with arguments: [--userProperties, [{"name":"twitch_access_token","value":"sh2xz8z8t4hpt9zlb852r0wpw2t6e9c"}], --assetsDir, C:/Users/Philip/.gradle/caches/minecraft/assets, --assetIndex, 1.8, --userType, mojang, --accessToken, {REDACTED}, --version, 1.8, --uuid, bf9320f0420c44069e4b3f45b22b05fa, --username, Himself12794, --tweakClass, net.minecraftforge.fml.common.launcher.FMLTweaker, --tweakClass, net.minecraftforge.gradle.tweakers.CoremodTweaker]
[19:40:33] [main/INFO] [LaunchWrapper]: Loading tweak class name net.minecraftforge.fml.common.launcher.FMLTweaker
[19:40:33] [main/INFO] [LaunchWrapper]: Using primary tweak class name net.minecraftforge.fml.common.launcher.FMLTweaker
[19:40:33] [main/INFO] [LaunchWrapper]: Loading tweak class name net.minecraftforge.gradle.tweakers.CoremodTweaker
[19:40:33] [main/INFO] [LaunchWrapper]: Calling tweak class net.minecraftforge.fml.common.launcher.FMLTweaker
[19:43:17] [main/INFO] [GradleStart]: username: pwhiting.bba@gmail.com
[19:43:17] [main/INFO] [GradleStart]: Extra: []
[19:43:17] [main/INFO] [GradleStart]: Password found, attempting login
[19:43:17] [main/INFO] [GradleStart]: Login Succesful!
[19:43:17] [main/INFO] [GradleStart]: Running with arguments: [--userProperties, [{"name":"twitch_access_token","value":"sh2xz8z8t4hpt9zlb852r0wpw2t6e9c"}], --assetsDir, C:/Users/Philip/.gradle/caches/minecraft/assets, --assetIndex, 1.8, --userType, mojang, --accessToken, {REDACTED}, --version, 1.8, --uuid, bf9320f0420c44069e4b3f45b22b05fa, --username, Himself12794, --tweakClass, net.minecraftforge.fml.common.launcher.FMLTweaker, --tweakClass, net.minecraftforge.gradle.tweakers.CoremodTweaker]
[19:43:18] [main/INFO] [LaunchWrapper]: Loading tweak class name net.minecraftforge.fml.common.launcher.FMLTweaker
[19:43:18] [main/INFO] [LaunchWrapper]: Using primary tweak class name net.minecraftforge.fml.common.launcher.FMLTweaker
[19:43:18] [main/INFO] [LaunchWrapper]: Loading tweak class name net.minecraftforge.gradle.tweakers.CoremodTweaker
[19:43:18] [main/INFO] [LaunchWrapper]: Calling tweak class net.minecraftforge.fml.common.launcher.FMLTweaker
[19:47:07] [main/INFO] [GradleStart]: username: pwhiting.bba@gmail.com
[19:47:07] [main/INFO] [GradleStart]: Extra: []
[19:47:07] [main/INFO] [GradleStart]: Password found, attempting login
[19:47:07] [main/INFO] [GradleStart]: Login Succesful!
[19:47:07] [main/INFO] [GradleStart]: Running with arguments: [--userProperties, [{"name":"twitch_access_token","value":"sh2xz8z8t4hpt9zlb852r0wpw2t6e9c"}], --assetsDir, C:/Users/Philip/.gradle/caches/minecraft/assets, --assetIndex, 1.8, --userType, mojang, --accessToken, {REDACTED}, --version, 1.8, --uuid, bf9320f0420c44069e4b3f45b22b05fa, --username, Himself12794, --tweakClass, net.minecraftforge.fml.common.launcher.FMLTweaker, --tweakClass, net.minecraftforge.gradle.tweakers.CoremodTweaker]
[19:47:07] [main/INFO] [LaunchWrapper]: Loading tweak class name net.minecraftforge.fml.common.launcher.FMLTweaker
[19:47:07] [main/INFO] [LaunchWrapper]: Using primary tweak class name net.minecraftforge.fml.common.launcher.FMLTweaker
[19:47:07] [main/INFO] [LaunchWrapper]: Loading tweak class name net.minecraftforge.gradle.tweakers.CoremodTweaker
[19:47:07] [main/INFO] [LaunchWrapper]: Calling tweak class net.minecraftforge.fml.common.launcher.FMLTweaker
[19:51:41] [main/INFO] [GradleStart]: username: pwhiting.bba@gmail.com
[19:51:41] [main/INFO] [GradleStart]: Extra: []
[19:51:41] [main/INFO] [GradleStart]: Password found, attempting login
[19:51:42] [main/INFO] [GradleStart]: Login Succesful!
[19:51:42] [main/INFO] [GradleStart]: Running with arguments: [--userProperties, [{"name":"twitch_access_token","value":"sh2xz8z8t4hpt9zlb852r0wpw2t6e9c"}], --assetsDir, C:/Users/Philip/.gradle/caches/minecraft/assets, --assetIndex, 1.8, --userType, mojang, --accessToken, {REDACTED}, --version, 1.8, --uuid, bf9320f0420c44069e4b3f45b22b05fa, --username, Himself12794, --tweakClass, net.minecraftforge.fml.common.launcher.FMLTweaker, --tweakClass, net.minecraftforge.gradle.tweakers.CoremodTweaker]
[19:51:42] [main/INFO] [LaunchWrapper]: Loading tweak class name net.minecraftforge.fml.common.launcher.FMLTweaker
[19:51:42] [main/INFO] [LaunchWrapper]: Using primary tweak class name net.minecraftforge.fml.common.launcher.FMLTweaker
[19:51:42] [main/INFO] [LaunchWrapper]: Loading tweak class name net.minecraftforge.gradle.tweakers.CoremodTweaker
[19:51:42] [main/INFO] [LaunchWrapper]: Calling tweak class net.minecraftforge.fml.common.launcher.FMLTweaker
[20:10:11] [main/INFO] [GradleStart]: username: pwhiting.bba@gmail.com
[20:10:11] [main/INFO] [GradleStart]: Extra: []
[20:10:11] [main/INFO] [GradleStart]: Password found, attempting login
[20:10:15] [main/INFO] [GradleStart]: Login Succesful!
[20:10:15] [main/INFO] [GradleStart]: Running with arguments: [--userProperties, [{"name":"twitch_access_token","value":"sh2xz8z8t4hpt9zlb852r0wpw2t6e9c"}], --assetsDir, C:/Users/Philip/.gradle/caches/minecraft/assets, --assetIndex, 1.8, --userType, mojang, --accessToken, {REDACTED}, --version, 1.8, --uuid, bf9320f0420c44069e4b3f45b22b05fa, --username, Himself12794, --tweakClass, net.minecraftforge.fml.common.launcher.FMLTweaker, --tweakClass, net.minecraftforge.gradle.tweakers.CoremodTweaker]
[20:10:15] [main/INFO] [LaunchWrapper]: Loading tweak class name net.minecraftforge.fml.common.launcher.FMLTweaker
[20:10:15] [main/INFO] [LaunchWrapper]: Using primary tweak class name net.minecraftforge.fml.common.launcher.FMLTweaker
[20:10:15] [main/INFO] [LaunchWrapper]: Loading tweak class name net.minecraftforge.gradle.tweakers.CoremodTweaker
[20:10:15] [main/INFO] [LaunchWrapper]: Calling tweak class net.minecraftforge.fml.common.launcher.FMLTweaker
[20:16:50] [main/INFO] [GradleStart]: username: pwhiting.bba@gmail.com
[20:16:50] [main/INFO] [GradleStart]: Extra: []
[20:16:50] [main/INFO] [GradleStart]: Password found, attempting login
[20:16:50] [main/INFO] [GradleStart]: Login Succesful!
[20:16:51] [main/INFO] [GradleStart]: Running with arguments: [--userProperties, [{"name":"twitch_access_token","value":"sh2xz8z8t4hpt9zlb852r0wpw2t6e9c"}], --assetsDir, C:/Users/Philip/.gradle/caches/minecraft/assets, --assetIndex, 1.8, --userType, mojang, --accessToken, {REDACTED}, --version, 1.8, --uuid, bf9320f0420c44069e4b3f45b22b05fa, --username, Himself12794, --tweakClass, net.minecraftforge.fml.common.launcher.FMLTweaker, --tweakClass, net.minecraftforge.gradle.tweakers.CoremodTweaker]
[20:16:51] [main/INFO] [LaunchWrapper]: Loading tweak class name net.minecraftforge.fml.common.launcher.FMLTweaker
[20:16:51] [main/INFO] [LaunchWrapper]: Using primary tweak class name net.minecraftforge.fml.common.launcher.FMLTweaker
[20:16:51] [main/INFO] [LaunchWrapper]: Loading tweak class name net.minecraftforge.gradle.tweakers.CoremodTweaker
[20:16:51] [main/INFO] [LaunchWrapper]: Calling tweak class net.minecraftforge.fml.common.launcher.FMLTweaker
[20:39:39] [main/INFO] [GradleStart]: username: pwhiting.bba@gmail.com
[20:39:39] [main/INFO] [GradleStart]: Extra: []
[20:39:39] [main/INFO] [GradleStart]: Password found, attempting login
[20:39:40] [main/INFO] [GradleStart]: Login Succesful!
[20:39:40] [main/INFO] [GradleStart]: Running with arguments: [--userProperties, [{"name":"twitch_access_token","value":"sh2xz8z8t4hpt9zlb852r0wpw2t6e9c"}], --assetsDir, C:/Users/Philip/.gradle/caches/minecraft/assets, --assetIndex, 1.8, --userType, mojang, --accessToken, {REDACTED}, --version, 1.8, --uuid, bf9320f0420c44069e4b3f45b22b05fa, --username, Himself12794, --tweakClass, net.minecraftforge.fml.common.launcher.FMLTweaker, --tweakClass, net.minecraftforge.gradle.tweakers.CoremodTweaker]
[20:39:40] [main/INFO] [LaunchWrapper]: Loading tweak class name net.minecraftforge.fml.common.launcher.FMLTweaker
[20:39:40] [main/INFO] [LaunchWrapper]: Using primary tweak class name net.minecraftforge.fml.common.launcher.FMLTweaker
[20:39:40] [main/INFO] [LaunchWrapper]: Loading tweak class name net.minecraftforge.gradle.tweakers.CoremodTweaker
[20:39:40] [main/INFO] [LaunchWrapper]: Calling tweak class net.minecraftforge.fml.common.launcher.FMLTweaker
[21:06:19] [main/INFO] [GradleStart]: username: pwhiting.bba@gmail.com
[21:06:19] [main/INFO] [GradleStart]: Extra: []
[21:06:19] [main/INFO] [GradleStart]: Password found, attempting login
[21:06:20] [main/INFO] [GradleStart]: Login Succesful!
[21:06:20] [main/INFO] [GradleStart]: Running with arguments: [--userProperties, [{"name":"twitch_access_token","value":"sh2xz8z8t4hpt9zlb852r0wpw2t6e9c"}], --assetsDir, C:/Users/Philip/.gradle/caches/minecraft/assets, --assetIndex, 1.8, --userType, mojang, --accessToken, {REDACTED}, --version, 1.8, --uuid, bf9320f0420c44069e4b3f45b22b05fa, --username, Himself12794, --tweakClass, net.minecraftforge.fml.common.launcher.FMLTweaker, --tweakClass, net.minecraftforge.gradle.tweakers.CoremodTweaker]
[21:06:20] [main/INFO] [LaunchWrapper]: Loading tweak class name net.minecraftforge.fml.common.launcher.FMLTweaker
[21:06:20] [main/INFO] [LaunchWrapper]: Using primary tweak class name net.minecraftforge.fml.common.launcher.FMLTweaker
[21:06:20] [main/INFO] [LaunchWrapper]: Loading tweak class name net.minecraftforge.gradle.tweakers.CoremodTweaker
[21:06:20] [main/INFO] [LaunchWrapper]: Calling tweak class net.minecraftforge.fml.common.launcher.FMLTweaker
[21:10:34] [main/INFO] [GradleStart]: username: pwhiting.bba@gmail.com
[21:10:34] [main/INFO] [GradleStart]: Extra: []
[21:10:34] [main/INFO] [GradleStart]: Password found, attempting login
[21:10:35] [main/INFO] [GradleStart]: Login Succesful!
[21:10:35] [main/INFO] [GradleStart]: Running with arguments: [--userProperties, [{"name":"twitch_access_token","value":"sh2xz8z8t4hpt9zlb852r0wpw2t6e9c"}], --assetsDir, C:/Users/Philip/.gradle/caches/minecraft/assets, --assetIndex, 1.8, --userType, mojang, --accessToken, {REDACTED}, --version, 1.8, --uuid, bf9320f0420c44069e4b3f45b22b05fa, --username, Himself12794, --tweakClass, net.minecraftforge.fml.common.launcher.FMLTweaker, --tweakClass, net.minecraftforge.gradle.tweakers.CoremodTweaker]
[21:10:35] [main/INFO] [LaunchWrapper]: Loading tweak class name net.minecraftforge.fml.common.launcher.FMLTweaker
[21:10:35] [main/INFO] [LaunchWrapper]: Using primary tweak class name net.minecraftforge.fml.common.launcher.FMLTweaker
[21:10:35] [main/INFO] [LaunchWrapper]: Loading tweak class name net.minecraftforge.gradle.tweakers.CoremodTweaker
[21:10:35] [main/INFO] [LaunchWrapper]: Calling tweak class net.minecraftforge.fml.common.launcher.FMLTweaker
[21:19:54] [main/INFO] [GradleStart]: username: pwhiting.bba@gmail.com
[21:19:54] [main/INFO] [GradleStart]: Extra: []
[21:19:54] [main/INFO] [GradleStart]: Password found, attempting login
[21:19:57] [main/INFO] [GradleStart]: Login Succesful!
[21:19:57] [main/INFO] [GradleStart]: Running with arguments: [--userProperties, [{"name":"twitch_access_token","value":"sh2xz8z8t4hpt9zlb852r0wpw2t6e9c"}], --assetsDir, C:/Users/Philip/.gradle/caches/minecraft/assets, --assetIndex, 1.8, --userType, mojang, --accessToken, {REDACTED}, --version, 1.8, --uuid, bf9320f0420c44069e4b3f45b22b05fa, --username, Himself12794, --tweakClass, net.minecraftforge.fml.common.launcher.FMLTweaker, --tweakClass, net.minecraftforge.gradle.tweakers.CoremodTweaker]
[21:19:57] [main/INFO] [LaunchWrapper]: Loading tweak class name net.minecraftforge.fml.common.launcher.FMLTweaker
[21:19:57] [main/INFO] [LaunchWrapper]: Using primary tweak class name net.minecraftforge.fml.common.launcher.FMLTweaker
[21:19:57] [main/INFO] [LaunchWrapper]: Loading tweak class name net.minecraftforge.gradle.tweakers.CoremodTweaker
[21:19:57] [main/INFO] [LaunchWrapper]: Calling tweak class net.minecraftforge.fml.common.launcher.FMLTweaker
[21:36:40] [main/INFO] [GradleStart]: username: pwhiting.bba@gmail.com
[21:36:40] [main/INFO] [GradleStart]: Extra: []
[21:36:40] [main/INFO] [GradleStart]: Password found, attempting login
[21:36:41] [main/INFO] [GradleStart]: Login Succesful!
[21:36:41] [main/INFO] [GradleStart]: Running with arguments: [--userProperties, [{"name":"twitch_access_token","value":"sh2xz8z8t4hpt9zlb852r0wpw2t6e9c"}], --assetsDir, C:/Users/Philip/.gradle/caches/minecraft/assets, --assetIndex, 1.8, --userType, mojang, --accessToken, {REDACTED}, --version, 1.8, --uuid, bf9320f0420c44069e4b3f45b22b05fa, --username, Himself12794, --tweakClass, net.minecraftforge.fml.common.launcher.FMLTweaker, --tweakClass, net.minecraftforge.gradle.tweakers.CoremodTweaker]
[21:36:41] [main/INFO] [LaunchWrapper]: Loading tweak class name net.minecraftforge.fml.common.launcher.FMLTweaker
[21:36:41] [main/INFO] [LaunchWrapper]: Using primary tweak class name net.minecraftforge.fml.common.launcher.FMLTweaker
[21:36:41] [main/INFO] [LaunchWrapper]: Loading tweak class name net.minecraftforge.gradle.tweakers.CoremodTweaker
[21:36:41] [main/INFO] [LaunchWrapper]: Calling tweak class net.minecraftforge.fml.common.launcher.FMLTweaker
[21:38:59] [main/INFO] [GradleStart]: Extra: [--username=pwhiting.bba@gmail.com, --password=smoke_stack120794]
[21:38:59] [main/INFO] [GradleStart]: Running with arguments: [--tweakClass, net.minecraftforge.fml.common.launcher.FMLServerTweaker, --username=pwhiting.bba@gmail.com, --password=smoke_stack120794, --tweakClass, net.minecraftforge.gradle.tweakers.CoremodTweaker]
[21:38:59] [main/INFO] [LaunchWrapper]: Loading tweak class name net.minecraftforge.fml.common.launcher.FMLServerTweaker
[21:38:59] [main/INFO] [LaunchWrapper]: Using primary tweak class name net.minecraftforge.fml.common.launcher.FMLServerTweaker
[21:38:59] [main/INFO] [LaunchWrapper]: Loading tweak class name net.minecraftforge.gradle.tweakers.CoremodTweaker
[21:38:59] [main/INFO] [LaunchWrapper]: Calling tweak class net.minecraftforge.fml.common.launcher.FMLServerTweaker
[21:40:58] [main/INFO] [GradleStart]: Extra: [--username=pwhiting.bba@gmail.com, --password=smoke_stack120794]
[21:40:58] [main/INFO] [GradleStart]: Running with arguments: [--tweakClass, net.minecraftforge.fml.common.launcher.FMLServerTweaker, --username=pwhiting.bba@gmail.com, --password=smoke_stack120794, --tweakClass, net.minecraftforge.gradle.tweakers.CoremodTweaker]
[21:40:59] [main/INFO] [LaunchWrapper]: Loading tweak class name net.minecraftforge.fml.common.launcher.FMLServerTweaker
[21:40:59] [main/INFO] [LaunchWrapper]: Using primary tweak class name net.minecraftforge.fml.common.launcher.FMLServerTweaker
[21:40:59] [main/INFO] [LaunchWrapper]: Loading tweak class name net.minecraftforge.gradle.tweakers.CoremodTweaker
[21:40:59] [main/INFO] [LaunchWrapper]: Calling tweak class net.minecraftforge.fml.common.launcher.FMLServerTweaker
[21:41:00] [main/INFO] [GradleStart]: username: pwhiting.bba@gmail.com
[21:41:00] [main/INFO] [GradleStart]: Extra: []
[21:41:00] [main/INFO] [GradleStart]: Password found, attempting login
[21:41:01] [main/INFO] [GradleStart]: Login Succesful!
[21:41:01] [main/INFO] [GradleStart]: Running with arguments: [--userProperties, [{"name":"twitch_access_token","value":"sh2xz8z8t4hpt9zlb852r0wpw2t6e9c"}], --assetsDir, C:/Users/Philip/.gradle/caches/minecraft/assets, --assetIndex, 1.8, --userType, mojang, --accessToken, {REDACTED}, --version, 1.8, --uuid, bf9320f0420c44069e4b3f45b22b05fa, --username, Himself12794, --tweakClass, net.minecraftforge.fml.common.launcher.FMLTweaker, --tweakClass, net.minecraftforge.gradle.tweakers.CoremodTweaker]
[21:41:01] [main/INFO] [LaunchWrapper]: Loading tweak class name net.minecraftforge.fml.common.launcher.FMLTweaker
[21:41:01] [main/INFO] [LaunchWrapper]: Using primary tweak class name net.minecraftforge.fml.common.launcher.FMLTweaker
[21:41:01] [main/INFO] [LaunchWrapper]: Loading tweak class name net.minecraftforge.gradle.tweakers.CoremodTweaker
[21:41:01] [main/INFO] [LaunchWrapper]: Calling tweak class net.minecraftforge.fml.common.launcher.FMLTweaker
[21:41:41] [main/INFO] [GradleStart]: Extra: [--username=pwhiting.bba@gmail.com, --password=smoke_stack120794]
[21:41:41] [main/INFO] [GradleStart]: Running with arguments: [--tweakClass, net.minecraftforge.fml.common.launcher.FMLServerTweaker, --username=pwhiting.bba@gmail.com, --password=smoke_stack120794, --tweakClass, net.minecraftforge.gradle.tweakers.CoremodTweaker]
[21:41:41] [main/INFO] [LaunchWrapper]: Loading tweak class name net.minecraftforge.fml.common.launcher.FMLServerTweaker
[21:41:41] [main/INFO] [LaunchWrapper]: Using primary tweak class name net.minecraftforge.fml.common.launcher.FMLServerTweaker
[21:41:41] [main/INFO] [LaunchWrapper]: Loading tweak class name net.minecraftforge.gradle.tweakers.CoremodTweaker
[21:41:41] [main/INFO] [LaunchWrapper]: Calling tweak class net.minecraftforge.fml.common.launcher.FMLServerTweaker
[21:43:59] [main/INFO] [GradleStart]: username: pwhiting.bba@gmail.com
[21:43:59] [main/INFO] [GradleStart]: Extra: []
[21:43:59] [main/INFO] [GradleStart]: Password found, attempting login
[21:43:59] [main/INFO] [GradleStart]: Login Succesful!
[21:43:59] [main/INFO] [GradleStart]: Running with arguments: [--userProperties, [{"name":"twitch_access_token","value":"sh2xz8z8t4hpt9zlb852r0wpw2t6e9c"}], --assetsDir, C:/Users/Philip/.gradle/caches/minecraft/assets, --assetIndex, 1.8, --userType, mojang, --accessToken, {REDACTED}, --version, 1.8, --uuid, bf9320f0420c44069e4b3f45b22b05fa, --username, Himself12794, --tweakClass, net.minecraftforge.fml.common.launcher.FMLTweaker, --tweakClass, net.minecraftforge.gradle.tweakers.CoremodTweaker]
[21:43:59] [main/INFO] [LaunchWrapper]: Loading tweak class name net.minecraftforge.fml.common.launcher.FMLTweaker
[21:44:00] [main/INFO] [LaunchWrapper]: Using primary tweak class name net.minecraftforge.fml.common.launcher.FMLTweaker
[21:44:00] [main/INFO] [LaunchWrapper]: Loading tweak class name net.minecraftforge.gradle.tweakers.CoremodTweaker
[21:44:00] [main/INFO] [LaunchWrapper]: Calling tweak class net.minecraftforge.fml.common.launcher.FMLTweaker
[22:03:24] [main/INFO] [GradleStart]: username: pwhiting.bba@gmail.com
[22:03:24] [main/INFO] [GradleStart]: Extra: []
[22:03:24] [main/INFO] [GradleStart]: Password found, attempting login
[22:03:25] [main/INFO] [GradleStart]: Login Succesful!
[22:03:25] [main/INFO] [GradleStart]: Running with arguments: [--userProperties, [{"name":"twitch_access_token","value":"sh2xz8z8t4hpt9zlb852r0wpw2t6e9c"}], --assetsDir, C:/Users/Philip/.gradle/caches/minecraft/assets, --assetIndex, 1.8, --userType, mojang, --accessToken, {REDACTED}, --version, 1.8, --uuid, bf9320f0420c44069e4b3f45b22b05fa, --username, Himself12794, --tweakClass, net.minecraftforge.fml.common.launcher.FMLTweaker, --tweakClass, net.minecraftforge.gradle.tweakers.CoremodTweaker]
[22:03:25] [main/INFO] [LaunchWrapper]: Loading tweak class name net.minecraftforge.fml.common.launcher.FMLTweaker
[22:03:25] [main/INFO] [LaunchWrapper]: Using primary tweak class name net.minecraftforge.fml.common.launcher.FMLTweaker
[22:03:25] [main/INFO] [LaunchWrapper]: Loading tweak class name net.minecraftforge.gradle.tweakers.CoremodTweaker
[22:03:25] [main/INFO] [LaunchWrapper]: Calling tweak class net.minecraftforge.fml.common.launcher.FMLTweaker
[22:06:35] [main/INFO] [GradleStart]: username: pwhiting.bba@gmail.com
[22:06:35] [main/INFO] [GradleStart]: Extra: []
[22:06:35] [main/INFO] [GradleStart]: Password found, attempting login
[22:06:37] [main/INFO] [GradleStart]: Login Succesful!
[22:06:37] [main/INFO] [GradleStart]: Running with arguments: [--userProperties, [{"name":"twitch_access_token","value":"sh2xz8z8t4hpt9zlb852r0wpw2t6e9c"}], --assetsDir, C:/Users/Philip/.gradle/caches/minecraft/assets, --assetIndex, 1.8, --userType, mojang, --accessToken, {REDACTED}, --version, 1.8, --uuid, bf9320f0420c44069e4b3f45b22b05fa, --username, Himself12794, --tweakClass, net.minecraftforge.fml.common.launcher.FMLTweaker, --tweakClass, net.minecraftforge.gradle.tweakers.CoremodTweaker]
[22:06:37] [main/INFO] [LaunchWrapper]: Loading tweak class name net.minecraftforge.fml.common.launcher.FMLTweaker
[22:06:37] [main/INFO] [LaunchWrapper]: Using primary tweak class name net.minecraftforge.fml.common.launcher.FMLTweaker
[22:06:37] [main/INFO] [LaunchWrapper]: Loading tweak class name net.minecraftforge.gradle.tweakers.CoremodTweaker
[22:06:37] [main/INFO] [LaunchWrapper]: Calling tweak class net.minecraftforge.fml.common.launcher.FMLTweaker
[22:14:49] [main/INFO] [GradleStart]: username: pwhiting.bba@gmail.com
[22:14:49] [main/INFO] [GradleStart]: Extra: []
[22:14:49] [main/INFO] [GradleStart]: Password found, attempting login
[22:14:50] [main/INFO] [GradleStart]: Login Succesful!
[22:14:50] [main/INFO] [GradleStart]: Running with arguments: [--userProperties, [{"name":"twitch_access_token","value":"sh2xz8z8t4hpt9zlb852r0wpw2t6e9c"}], --assetsDir, C:/Users/Philip/.gradle/caches/minecraft/assets, --assetIndex, 1.8, --userType, mojang, --accessToken, {REDACTED}, --version, 1.8, --uuid, bf9320f0420c44069e4b3f45b22b05fa, --username, Himself12794, --tweakClass, net.minecraftforge.fml.common.launcher.FMLTweaker, --tweakClass, net.minecraftforge.gradle.tweakers.CoremodTweaker]
[22:14:50] [main/INFO] [LaunchWrapper]: Loading tweak class name net.minecraftforge.fml.common.launcher.FMLTweaker
[22:14:50] [main/INFO] [LaunchWrapper]: Using primary tweak class name net.minecraftforge.fml.common.launcher.FMLTweaker
[22:14:50] [main/INFO] [LaunchWrapper]: Loading tweak class name net.minecraftforge.gradle.tweakers.CoremodTweaker
[22:14:50] [main/INFO] [LaunchWrapper]: Calling tweak class net.minecraftforge.fml.common.launcher.FMLTweaker
[22:33:16] [main/INFO] [GradleStart]: username: pwhiting.bba@gmail.com
[22:33:16] [main/INFO] [GradleStart]: Extra: []
[22:33:16] [main/INFO] [GradleStart]: Password found, attempting login
[22:33:17] [main/INFO] [GradleStart]: Login Succesful!
[22:33:17] [main/INFO] [GradleStart]: Running with arguments: [--userProperties, [{"name":"twitch_access_token","value":"sh2xz8z8t4hpt9zlb852r0wpw2t6e9c"}], --assetsDir, C:/Users/Philip/.gradle/caches/minecraft/assets, --assetIndex, 1.8, --userType, mojang, --accessToken, {REDACTED}, --version, 1.8, --uuid, bf9320f0420c44069e4b3f45b22b05fa, --username, Himself12794, --tweakClass, net.minecraftforge.fml.common.launcher.FMLTweaker, --tweakClass, net.minecraftforge.gradle.tweakers.CoremodTweaker]
[22:33:17] [main/INFO] [LaunchWrapper]: Loading tweak class name net.minecraftforge.fml.common.launcher.FMLTweaker
[22:33:17] [main/INFO] [LaunchWrapper]: Using primary tweak class name net.minecraftforge.fml.common.launcher.FMLTweaker
[22:33:17] [main/INFO] [LaunchWrapper]: Loading tweak class name net.minecraftforge.gradle.tweakers.CoremodTweaker
[22:33:17] [main/INFO] [LaunchWrapper]: Calling tweak class net.minecraftforge.fml.common.launcher.FMLTweaker
[22:39:21] [main/INFO] [GradleStart]: username: pwhiting.bba@gmail.com
[22:39:21] [main/INFO] [GradleStart]: Extra: []
[22:39:21] [main/INFO] [GradleStart]: Password found, attempting login
[22:39:21] [main/INFO] [GradleStart]: Login Succesful!
[22:39:21] [main/INFO] [GradleStart]: Running with arguments: [--userProperties, [{"name":"twitch_access_token","value":"sh2xz8z8t4hpt9zlb852r0wpw2t6e9c"}], --assetsDir, C:/Users/Philip/.gradle/caches/minecraft/assets, --assetIndex, 1.8, --userType, mojang, --accessToken, {REDACTED}, --version, 1.8, --uuid, bf9320f0420c44069e4b3f45b22b05fa, --username, Himself12794, --tweakClass, net.minecraftforge.fml.common.launcher.FMLTweaker, --tweakClass, net.minecraftforge.gradle.tweakers.CoremodTweaker]
[22:39:21] [main/INFO] [LaunchWrapper]: Loading tweak class name net.minecraftforge.fml.common.launcher.FMLTweaker
[22:39:21] [main/INFO] [LaunchWrapper]: Using primary tweak class name net.minecraftforge.fml.common.launcher.FMLTweaker
[22:39:21] [main/INFO] [LaunchWrapper]: Loading tweak class name net.minecraftforge.gradle.tweakers.CoremodTweaker
[22:39:21] [main/INFO] [LaunchWrapper]: Calling tweak class net.minecraftforge.fml.common.launcher.FMLTweaker
