[19:10:46] [Client thread/INFO]: Setting user: Player580
[19:10:48] [Client thread/INFO]: LWJGL Version: 2.9.1
[19:10:51] [Client thread/INFO]: Reloading ResourceManager: Default, FMLFileResourcePack:Forge Mod Loader, FMLFileResourcePack:Minecraft Forge, FMLFileResourcePack:Heroes Mod, FMLFileResourcePack:Powers API
[19:10:51] [Sound Library Loader/INFO]: Starting up SoundSystem...
[19:10:51] [Thread-6/INFO]: Initializing LWJGL OpenAL
[19:10:51] [Thread-6/INFO]: (The LWJGL binding of OpenAL.  For more information, see http://www.lwjgl.org)
[19:10:52] [Thread-6/INFO]: OpenAL initialized.
[19:10:52] [Sound Library Loader/INFO]: Sound engine started
[19:10:54] [Client thread/INFO]: Created: 512x512 textures-atlas
[19:10:55] [Client thread/INFO]: Reloading ResourceManager: Default, FMLFileResourcePack:Forge Mod Loader, FMLFileResourcePack:Minecraft Forge, FMLFileResourcePack:Heroes Mod, FMLFileResourcePack:Powers API
[19:10:55] [Client thread/INFO]: SoundSystem shutting down...
[19:10:55] [Client thread/WARN]: Author: Paul Lamb, www.paulscode.com
[19:10:55] [Sound Library Loader/INFO]: Starting up SoundSystem...
[19:10:55] [Thread-8/INFO]: Initializing LWJGL OpenAL
[19:10:55] [Thread-8/INFO]: (The LWJGL binding of OpenAL.  For more information, see http://www.lwjgl.org)
[19:10:55] [Thread-8/INFO]: OpenAL initialized.
[19:10:56] [Sound Library Loader/INFO]: Sound engine started
[19:10:57] [Client thread/INFO]: Created: 512x512 textures-atlas
[19:20:28] [Client thread/INFO]: Stopping!
[19:20:28] [Client thread/INFO]: SoundSystem shutting down...
[19:20:28] [Client thread/WARN]: Author: Paul Lamb, www.paulscode.com
